[2024-06-23T02:06:06.695] [INFO] default - events:  [
  EventLog {
    provider: JsonRpcProvider {},
    transactionHash: '0xcd607794fd1d690d617bac1fef8d1554820a7631e424faa2ef97fb2b02332934',
    blockHash: '0xb2c259762965902c04731affe9ff2be133560d449b245dcd6151a0be0134f1f2',
    blockNumber: 5397730,
    removed: false,
    address: '0xD706eEDdc7c6be4c0623c0d01396bde7D5838399',
    data: '0x000000000000000000000000000000000000000000000000000000000000000000000000000000000000000000000000000000000000000000000000000000400000000000000000000000000000000000000000000000000000000000000042307861643966363034366661343933666539316131366564316338303363336336616437306663353231333530323865656235323139343166373762656363383635000000000000000000000000000000000000000000000000000000000000',
    topics: [
      '0x85808ba6b61b3e11f7dba026341d5ff5603fab7df37b176ebfa0f296264cd12e'
    ],
    index: 0,
    transactionIndex: 0,
    interface: Interface {
      fragments: [Array],
      deploy: [ConstructorFragment],
      fallback: null,
      receive: false
    },
    fragment: EventFragment {
      type: 'event',
      inputs: [Array],
      name: 'NewRequest',
      anonymous: false
    },
    args: Result(2) [
      0n,
      '0xad9f6046fa493fe91a16ed1c803c3c6ad70fc52135028eeb521941f77becc865'
    ]
  },
  EventLog {
    provider: JsonRpcProvider {},
    transactionHash: '0xb645376af08a1562dfd2cdfd3413c916fef8a8213481f4aa779e8fda8cd97f3b',
    blockHash: '0x68823473f3e74ee8780165dbc83fe9c67aca5ebc675c66ed5566b74e93c12aba',
    blockNumber: 5397733,
    removed: false,
    address: '0xD706eEDdc7c6be4c0623c0d01396bde7D5838399',
    data: '0x000000000000000000000000000000000000000000000000000000000000000100000000000000000000000000000000000000000000000000000000000000400000000000000000000000000000000000000000000000000000000000000042307830326639653965346534643534356162646362383834333336313465313666393263356136303933313165343435613061343866306363353434343832366361000000000000000000000000000000000000000000000000000000000000',
    topics: [
      '0x85808ba6b61b3e11f7dba026341d5ff5603fab7df37b176ebfa0f296264cd12e'
    ],
    index: 0,
    transactionIndex: 0,
    interface: Interface {
      fragments: [Array],
      deploy: [ConstructorFragment],
      fallback: null,
      receive: false
    },
    fragment: EventFragment {
      type: 'event',
      inputs: [Array],
      name: 'NewRequest',
      anonymous: false
    },
    args: Result(2) [
      1n,
      '0x02f9e9e4e4d545abdcb88433614e16f92c5a609311e445a0a48f0cc5444826ca'
    ]
  },
  EventLog {
    provider: JsonRpcProvider {},
    transactionHash: '0xce7c1b449c4c98ec228b999bd3b75ad6d7b95bc99aa916e240982bbec1ab6b10',
    blockHash: '0x70999c3d591a48aad4a5f5c98ee576dfd802090c8a81cc88f438ad536ec5dd53',
    blockNumber: 5506722,
    removed: false,
    address: '0xD706eEDdc7c6be4c0623c0d01396bde7D5838399',
    data: '0x000000000000000000000000000000000000000000000000000000000000000200000000000000000000000000000000000000000000000000000000000000400000000000000000000000000000000000000000000000000000000000000042307865613734373134633534396439633238666239633337303362346433623865626334396437313964373733623534326134396434303739323132346431396634000000000000000000000000000000000000000000000000000000000000',
    topics: [
      '0x85808ba6b61b3e11f7dba026341d5ff5603fab7df37b176ebfa0f296264cd12e'
    ],
    index: 0,
    transactionIndex: 1,
    interface: Interface {
      fragments: [Array],
      deploy: [ConstructorFragment],
      fallback: null,
      receive: false
    },
    fragment: EventFragment {
      type: 'event',
      inputs: [Array],
      name: 'NewRequest',
      anonymous: false
    },
    args: Result(2) [
      2n,
      '0xea74714c549d9c28fb9c3703b4d3b8ebc49d719d773b542a49d40792124d19f4'
    ]
  }
]
[2024-06-23T02:06:06.702] [INFO] default - currentRequestId:  0
[2024-06-23T02:06:06.702] [INFO] default - requestId:  0n
[2024-06-23T02:06:06.703] [INFO] default - hashedAccount:  0xad9f6046fa493fe91a16ed1c803c3c6ad70fc52135028eeb521941f77becc865
[2024-06-23T02:06:06.978] [INFO] default - Bank account not found
[2024-06-23T02:06:18.087] [INFO] default - events:  [
  EventLog {
    provider: JsonRpcProvider {},
    transactionHash: '0xcd607794fd1d690d617bac1fef8d1554820a7631e424faa2ef97fb2b02332934',
    blockHash: '0xb2c259762965902c04731affe9ff2be133560d449b245dcd6151a0be0134f1f2',
    blockNumber: 5397730,
    removed: false,
    address: '0xD706eEDdc7c6be4c0623c0d01396bde7D5838399',
    data: '0x000000000000000000000000000000000000000000000000000000000000000000000000000000000000000000000000000000000000000000000000000000400000000000000000000000000000000000000000000000000000000000000042307861643966363034366661343933666539316131366564316338303363336336616437306663353231333530323865656235323139343166373762656363383635000000000000000000000000000000000000000000000000000000000000',
    topics: [
      '0x85808ba6b61b3e11f7dba026341d5ff5603fab7df37b176ebfa0f296264cd12e'
    ],
    index: 0,
    transactionIndex: 0,
    interface: Interface {
      fragments: [Array],
      deploy: [ConstructorFragment],
      fallback: null,
      receive: false
    },
    fragment: EventFragment {
      type: 'event',
      inputs: [Array],
      name: 'NewRequest',
      anonymous: false
    },
    args: Result(2) [
      0n,
      '0xad9f6046fa493fe91a16ed1c803c3c6ad70fc52135028eeb521941f77becc865'
    ]
  },
  EventLog {
    provider: JsonRpcProvider {},
    transactionHash: '0xb645376af08a1562dfd2cdfd3413c916fef8a8213481f4aa779e8fda8cd97f3b',
    blockHash: '0x68823473f3e74ee8780165dbc83fe9c67aca5ebc675c66ed5566b74e93c12aba',
    blockNumber: 5397733,
    removed: false,
    address: '0xD706eEDdc7c6be4c0623c0d01396bde7D5838399',
    data: '0x000000000000000000000000000000000000000000000000000000000000000100000000000000000000000000000000000000000000000000000000000000400000000000000000000000000000000000000000000000000000000000000042307830326639653965346534643534356162646362383834333336313465313666393263356136303933313165343435613061343866306363353434343832366361000000000000000000000000000000000000000000000000000000000000',
    topics: [
      '0x85808ba6b61b3e11f7dba026341d5ff5603fab7df37b176ebfa0f296264cd12e'
    ],
    index: 0,
    transactionIndex: 0,
    interface: Interface {
      fragments: [Array],
      deploy: [ConstructorFragment],
      fallback: null,
      receive: false
    },
    fragment: EventFragment {
      type: 'event',
      inputs: [Array],
      name: 'NewRequest',
      anonymous: false
    },
    args: Result(2) [
      1n,
      '0x02f9e9e4e4d545abdcb88433614e16f92c5a609311e445a0a48f0cc5444826ca'
    ]
  },
  EventLog {
    provider: JsonRpcProvider {},
    transactionHash: '0xce7c1b449c4c98ec228b999bd3b75ad6d7b95bc99aa916e240982bbec1ab6b10',
    blockHash: '0x70999c3d591a48aad4a5f5c98ee576dfd802090c8a81cc88f438ad536ec5dd53',
    blockNumber: 5506722,
    removed: false,
    address: '0xD706eEDdc7c6be4c0623c0d01396bde7D5838399',
    data: '0x000000000000000000000000000000000000000000000000000000000000000200000000000000000000000000000000000000000000000000000000000000400000000000000000000000000000000000000000000000000000000000000042307865613734373134633534396439633238666239633337303362346433623865626334396437313964373733623534326134396434303739323132346431396634000000000000000000000000000000000000000000000000000000000000',
    topics: [
      '0x85808ba6b61b3e11f7dba026341d5ff5603fab7df37b176ebfa0f296264cd12e'
    ],
    index: 0,
    transactionIndex: 1,
    interface: Interface {
      fragments: [Array],
      deploy: [ConstructorFragment],
      fallback: null,
      receive: false
    },
    fragment: EventFragment {
      type: 'event',
      inputs: [Array],
      name: 'NewRequest',
      anonymous: false
    },
    args: Result(2) [
      2n,
      '0xea74714c549d9c28fb9c3703b4d3b8ebc49d719d773b542a49d40792124d19f4'
    ]
  }
]
[2024-06-23T02:06:18.091] [INFO] default - currentRequestId:  1
[2024-06-23T02:06:18.091] [INFO] default - requestId:  1n
[2024-06-23T02:06:18.091] [INFO] default - hashedAccount:  0x02f9e9e4e4d545abdcb88433614e16f92c5a609311e445a0a48f0cc5444826ca
[2024-06-23T02:06:18.337] [INFO] default - Bank account not found
[2024-06-23T02:06:29.575] [INFO] default - events:  [
  EventLog {
    provider: JsonRpcProvider {},
    transactionHash: '0xcd607794fd1d690d617bac1fef8d1554820a7631e424faa2ef97fb2b02332934',
    blockHash: '0xb2c259762965902c04731affe9ff2be133560d449b245dcd6151a0be0134f1f2',
    blockNumber: 5397730,
    removed: false,
    address: '0xD706eEDdc7c6be4c0623c0d01396bde7D5838399',
    data: '0x000000000000000000000000000000000000000000000000000000000000000000000000000000000000000000000000000000000000000000000000000000400000000000000000000000000000000000000000000000000000000000000042307861643966363034366661343933666539316131366564316338303363336336616437306663353231333530323865656235323139343166373762656363383635000000000000000000000000000000000000000000000000000000000000',
    topics: [
      '0x85808ba6b61b3e11f7dba026341d5ff5603fab7df37b176ebfa0f296264cd12e'
    ],
    index: 0,
    transactionIndex: 0,
    interface: Interface {
      fragments: [Array],
      deploy: [ConstructorFragment],
      fallback: null,
      receive: false
    },
    fragment: EventFragment {
      type: 'event',
      inputs: [Array],
      name: 'NewRequest',
      anonymous: false
    },
    args: Result(2) [
      0n,
      '0xad9f6046fa493fe91a16ed1c803c3c6ad70fc52135028eeb521941f77becc865'
    ]
  },
  EventLog {
    provider: JsonRpcProvider {},
    transactionHash: '0xb645376af08a1562dfd2cdfd3413c916fef8a8213481f4aa779e8fda8cd97f3b',
    blockHash: '0x68823473f3e74ee8780165dbc83fe9c67aca5ebc675c66ed5566b74e93c12aba',
    blockNumber: 5397733,
    removed: false,
    address: '0xD706eEDdc7c6be4c0623c0d01396bde7D5838399',
    data: '0x000000000000000000000000000000000000000000000000000000000000000100000000000000000000000000000000000000000000000000000000000000400000000000000000000000000000000000000000000000000000000000000042307830326639653965346534643534356162646362383834333336313465313666393263356136303933313165343435613061343866306363353434343832366361000000000000000000000000000000000000000000000000000000000000',
    topics: [
      '0x85808ba6b61b3e11f7dba026341d5ff5603fab7df37b176ebfa0f296264cd12e'
    ],
    index: 0,
    transactionIndex: 0,
    interface: Interface {
      fragments: [Array],
      deploy: [ConstructorFragment],
      fallback: null,
      receive: false
    },
    fragment: EventFragment {
      type: 'event',
      inputs: [Array],
      name: 'NewRequest',
      anonymous: false
    },
    args: Result(2) [
      1n,
      '0x02f9e9e4e4d545abdcb88433614e16f92c5a609311e445a0a48f0cc5444826ca'
    ]
  },
  EventLog {
    provider: JsonRpcProvider {},
    transactionHash: '0xce7c1b449c4c98ec228b999bd3b75ad6d7b95bc99aa916e240982bbec1ab6b10',
    blockHash: '0x70999c3d591a48aad4a5f5c98ee576dfd802090c8a81cc88f438ad536ec5dd53',
    blockNumber: 5506722,
    removed: false,
    address: '0xD706eEDdc7c6be4c0623c0d01396bde7D5838399',
    data: '0x000000000000000000000000000000000000000000000000000000000000000200000000000000000000000000000000000000000000000000000000000000400000000000000000000000000000000000000000000000000000000000000042307865613734373134633534396439633238666239633337303362346433623865626334396437313964373733623534326134396434303739323132346431396634000000000000000000000000000000000000000000000000000000000000',
    topics: [
      '0x85808ba6b61b3e11f7dba026341d5ff5603fab7df37b176ebfa0f296264cd12e'
    ],
    index: 0,
    transactionIndex: 1,
    interface: Interface {
      fragments: [Array],
      deploy: [ConstructorFragment],
      fallback: null,
      receive: false
    },
    fragment: EventFragment {
      type: 'event',
      inputs: [Array],
      name: 'NewRequest',
      anonymous: false
    },
    args: Result(2) [
      2n,
      '0xea74714c549d9c28fb9c3703b4d3b8ebc49d719d773b542a49d40792124d19f4'
    ]
  }
]
[2024-06-23T02:06:29.576] [INFO] default - currentRequestId:  2
[2024-06-23T02:06:29.577] [INFO] default - requestId:  2n
[2024-06-23T02:06:29.577] [INFO] default - hashedAccount:  0xea74714c549d9c28fb9c3703b4d3b8ebc49d719d773b542a49d40792124d19f4
[2024-06-23T02:06:41.397] [INFO] default - events:  [
  EventLog {
    provider: JsonRpcProvider {},
    transactionHash: '0xcd607794fd1d690d617bac1fef8d1554820a7631e424faa2ef97fb2b02332934',
    blockHash: '0xb2c259762965902c04731affe9ff2be133560d449b245dcd6151a0be0134f1f2',
    blockNumber: 5397730,
    removed: false,
    address: '0xD706eEDdc7c6be4c0623c0d01396bde7D5838399',
    data: '0x000000000000000000000000000000000000000000000000000000000000000000000000000000000000000000000000000000000000000000000000000000400000000000000000000000000000000000000000000000000000000000000042307861643966363034366661343933666539316131366564316338303363336336616437306663353231333530323865656235323139343166373762656363383635000000000000000000000000000000000000000000000000000000000000',
    topics: [
      '0x85808ba6b61b3e11f7dba026341d5ff5603fab7df37b176ebfa0f296264cd12e'
    ],
    index: 0,
    transactionIndex: 0,
    interface: Interface {
      fragments: [Array],
      deploy: [ConstructorFragment],
      fallback: null,
      receive: false
    },
    fragment: EventFragment {
      type: 'event',
      inputs: [Array],
      name: 'NewRequest',
      anonymous: false
    },
    args: Result(2) [
      0n,
      '0xad9f6046fa493fe91a16ed1c803c3c6ad70fc52135028eeb521941f77becc865'
    ]
  },
  EventLog {
    provider: JsonRpcProvider {},
    transactionHash: '0xb645376af08a1562dfd2cdfd3413c916fef8a8213481f4aa779e8fda8cd97f3b',
    blockHash: '0x68823473f3e74ee8780165dbc83fe9c67aca5ebc675c66ed5566b74e93c12aba',
    blockNumber: 5397733,
    removed: false,
    address: '0xD706eEDdc7c6be4c0623c0d01396bde7D5838399',
    data: '0x000000000000000000000000000000000000000000000000000000000000000100000000000000000000000000000000000000000000000000000000000000400000000000000000000000000000000000000000000000000000000000000042307830326639653965346534643534356162646362383834333336313465313666393263356136303933313165343435613061343866306363353434343832366361000000000000000000000000000000000000000000000000000000000000',
    topics: [
      '0x85808ba6b61b3e11f7dba026341d5ff5603fab7df37b176ebfa0f296264cd12e'
    ],
    index: 0,
    transactionIndex: 0,
    interface: Interface {
      fragments: [Array],
      deploy: [ConstructorFragment],
      fallback: null,
      receive: false
    },
    fragment: EventFragment {
      type: 'event',
      inputs: [Array],
      name: 'NewRequest',
      anonymous: false
    },
    args: Result(2) [
      1n,
      '0x02f9e9e4e4d545abdcb88433614e16f92c5a609311e445a0a48f0cc5444826ca'
    ]
  },
  EventLog {
    provider: JsonRpcProvider {},
    transactionHash: '0xce7c1b449c4c98ec228b999bd3b75ad6d7b95bc99aa916e240982bbec1ab6b10',
    blockHash: '0x70999c3d591a48aad4a5f5c98ee576dfd802090c8a81cc88f438ad536ec5dd53',
    blockNumber: 5506722,
    removed: false,
    address: '0xD706eEDdc7c6be4c0623c0d01396bde7D5838399',
    data: '0x000000000000000000000000000000000000000000000000000000000000000200000000000000000000000000000000000000000000000000000000000000400000000000000000000000000000000000000000000000000000000000000042307865613734373134633534396439633238666239633337303362346433623865626334396437313964373733623534326134396434303739323132346431396634000000000000000000000000000000000000000000000000000000000000',
    topics: [
      '0x85808ba6b61b3e11f7dba026341d5ff5603fab7df37b176ebfa0f296264cd12e'
    ],
    index: 0,
    transactionIndex: 1,
    interface: Interface {
      fragments: [Array],
      deploy: [ConstructorFragment],
      fallback: null,
      receive: false
    },
    fragment: EventFragment {
      type: 'event',
      inputs: [Array],
      name: 'NewRequest',
      anonymous: false
    },
    args: Result(2) [
      2n,
      '0xea74714c549d9c28fb9c3703b4d3b8ebc49d719d773b542a49d40792124d19f4'
    ]
  }
]
[2024-06-23T02:06:41.399] [INFO] default - currentRequestId:  3
[2024-06-23T02:06:41.399] [INFO] default - No new request
[2024-06-23T02:06:51.568] [INFO] default - events:  [
  EventLog {
    provider: JsonRpcProvider {},
    transactionHash: '0xcd607794fd1d690d617bac1fef8d1554820a7631e424faa2ef97fb2b02332934',
    blockHash: '0xb2c259762965902c04731affe9ff2be133560d449b245dcd6151a0be0134f1f2',
    blockNumber: 5397730,
    removed: false,
    address: '0xD706eEDdc7c6be4c0623c0d01396bde7D5838399',
    data: '0x000000000000000000000000000000000000000000000000000000000000000000000000000000000000000000000000000000000000000000000000000000400000000000000000000000000000000000000000000000000000000000000042307861643966363034366661343933666539316131366564316338303363336336616437306663353231333530323865656235323139343166373762656363383635000000000000000000000000000000000000000000000000000000000000',
    topics: [
      '0x85808ba6b61b3e11f7dba026341d5ff5603fab7df37b176ebfa0f296264cd12e'
    ],
    index: 0,
    transactionIndex: 0,
    interface: Interface {
      fragments: [Array],
      deploy: [ConstructorFragment],
      fallback: null,
      receive: false
    },
    fragment: EventFragment {
      type: 'event',
      inputs: [Array],
      name: 'NewRequest',
      anonymous: false
    },
    args: Result(2) [
      0n,
      '0xad9f6046fa493fe91a16ed1c803c3c6ad70fc52135028eeb521941f77becc865'
    ]
  },
  EventLog {
    provider: JsonRpcProvider {},
    transactionHash: '0xb645376af08a1562dfd2cdfd3413c916fef8a8213481f4aa779e8fda8cd97f3b',
    blockHash: '0x68823473f3e74ee8780165dbc83fe9c67aca5ebc675c66ed5566b74e93c12aba',
    blockNumber: 5397733,
    removed: false,
    address: '0xD706eEDdc7c6be4c0623c0d01396bde7D5838399',
    data: '0x000000000000000000000000000000000000000000000000000000000000000100000000000000000000000000000000000000000000000000000000000000400000000000000000000000000000000000000000000000000000000000000042307830326639653965346534643534356162646362383834333336313465313666393263356136303933313165343435613061343866306363353434343832366361000000000000000000000000000000000000000000000000000000000000',
    topics: [
      '0x85808ba6b61b3e11f7dba026341d5ff5603fab7df37b176ebfa0f296264cd12e'
    ],
    index: 0,
    transactionIndex: 0,
    interface: Interface {
      fragments: [Array],
      deploy: [ConstructorFragment],
      fallback: null,
      receive: false
    },
    fragment: EventFragment {
      type: 'event',
      inputs: [Array],
      name: 'NewRequest',
      anonymous: false
    },
    args: Result(2) [
      1n,
      '0x02f9e9e4e4d545abdcb88433614e16f92c5a609311e445a0a48f0cc5444826ca'
    ]
  },
  EventLog {
    provider: JsonRpcProvider {},
    transactionHash: '0xce7c1b449c4c98ec228b999bd3b75ad6d7b95bc99aa916e240982bbec1ab6b10',
    blockHash: '0x70999c3d591a48aad4a5f5c98ee576dfd802090c8a81cc88f438ad536ec5dd53',
    blockNumber: 5506722,
    removed: false,
    address: '0xD706eEDdc7c6be4c0623c0d01396bde7D5838399',
    data: '0x000000000000000000000000000000000000000000000000000000000000000200000000000000000000000000000000000000000000000000000000000000400000000000000000000000000000000000000000000000000000000000000042307865613734373134633534396439633238666239633337303362346433623865626334396437313964373733623534326134396434303739323132346431396634000000000000000000000000000000000000000000000000000000000000',
    topics: [
      '0x85808ba6b61b3e11f7dba026341d5ff5603fab7df37b176ebfa0f296264cd12e'
    ],
    index: 0,
    transactionIndex: 1,
    interface: Interface {
      fragments: [Array],
      deploy: [ConstructorFragment],
      fallback: null,
      receive: false
    },
    fragment: EventFragment {
      type: 'event',
      inputs: [Array],
      name: 'NewRequest',
      anonymous: false
    },
    args: Result(2) [
      2n,
      '0xea74714c549d9c28fb9c3703b4d3b8ebc49d719d773b542a49d40792124d19f4'
    ]
  }
]
[2024-06-23T02:06:51.570] [INFO] default - currentRequestId:  3
[2024-06-23T02:06:51.570] [INFO] default - No new request
[2024-06-23T02:07:01.768] [INFO] default - events:  [
  EventLog {
    provider: JsonRpcProvider {},
    transactionHash: '0xcd607794fd1d690d617bac1fef8d1554820a7631e424faa2ef97fb2b02332934',
    blockHash: '0xb2c259762965902c04731affe9ff2be133560d449b245dcd6151a0be0134f1f2',
    blockNumber: 5397730,
    removed: false,
    address: '0xD706eEDdc7c6be4c0623c0d01396bde7D5838399',
    data: '0x000000000000000000000000000000000000000000000000000000000000000000000000000000000000000000000000000000000000000000000000000000400000000000000000000000000000000000000000000000000000000000000042307861643966363034366661343933666539316131366564316338303363336336616437306663353231333530323865656235323139343166373762656363383635000000000000000000000000000000000000000000000000000000000000',
    topics: [
      '0x85808ba6b61b3e11f7dba026341d5ff5603fab7df37b176ebfa0f296264cd12e'
    ],
    index: 0,
    transactionIndex: 0,
    interface: Interface {
      fragments: [Array],
      deploy: [ConstructorFragment],
      fallback: null,
      receive: false
    },
    fragment: EventFragment {
      type: 'event',
      inputs: [Array],
      name: 'NewRequest',
      anonymous: false
    },
    args: Result(2) [
      0n,
      '0xad9f6046fa493fe91a16ed1c803c3c6ad70fc52135028eeb521941f77becc865'
    ]
  },
  EventLog {
    provider: JsonRpcProvider {},
    transactionHash: '0xb645376af08a1562dfd2cdfd3413c916fef8a8213481f4aa779e8fda8cd97f3b',
    blockHash: '0x68823473f3e74ee8780165dbc83fe9c67aca5ebc675c66ed5566b74e93c12aba',
    blockNumber: 5397733,
    removed: false,
    address: '0xD706eEDdc7c6be4c0623c0d01396bde7D5838399',
    data: '0x000000000000000000000000000000000000000000000000000000000000000100000000000000000000000000000000000000000000000000000000000000400000000000000000000000000000000000000000000000000000000000000042307830326639653965346534643534356162646362383834333336313465313666393263356136303933313165343435613061343866306363353434343832366361000000000000000000000000000000000000000000000000000000000000',
    topics: [
      '0x85808ba6b61b3e11f7dba026341d5ff5603fab7df37b176ebfa0f296264cd12e'
    ],
    index: 0,
    transactionIndex: 0,
    interface: Interface {
      fragments: [Array],
      deploy: [ConstructorFragment],
      fallback: null,
      receive: false
    },
    fragment: EventFragment {
      type: 'event',
      inputs: [Array],
      name: 'NewRequest',
      anonymous: false
    },
    args: Result(2) [
      1n,
      '0x02f9e9e4e4d545abdcb88433614e16f92c5a609311e445a0a48f0cc5444826ca'
    ]
  },
  EventLog {
    provider: JsonRpcProvider {},
    transactionHash: '0xce7c1b449c4c98ec228b999bd3b75ad6d7b95bc99aa916e240982bbec1ab6b10',
    blockHash: '0x70999c3d591a48aad4a5f5c98ee576dfd802090c8a81cc88f438ad536ec5dd53',
    blockNumber: 5506722,
    removed: false,
    address: '0xD706eEDdc7c6be4c0623c0d01396bde7D5838399',
    data: '0x000000000000000000000000000000000000000000000000000000000000000200000000000000000000000000000000000000000000000000000000000000400000000000000000000000000000000000000000000000000000000000000042307865613734373134633534396439633238666239633337303362346433623865626334396437313964373733623534326134396434303739323132346431396634000000000000000000000000000000000000000000000000000000000000',
    topics: [
      '0x85808ba6b61b3e11f7dba026341d5ff5603fab7df37b176ebfa0f296264cd12e'
    ],
    index: 0,
    transactionIndex: 1,
    interface: Interface {
      fragments: [Array],
      deploy: [ConstructorFragment],
      fallback: null,
      receive: false
    },
    fragment: EventFragment {
      type: 'event',
      inputs: [Array],
      name: 'NewRequest',
      anonymous: false
    },
    args: Result(2) [
      2n,
      '0xea74714c549d9c28fb9c3703b4d3b8ebc49d719d773b542a49d40792124d19f4'
    ]
  }
]
[2024-06-23T02:07:01.770] [INFO] default - currentRequestId:  3
[2024-06-23T02:07:01.770] [INFO] default - No new request
[2024-06-23T02:07:11.949] [INFO] default - events:  [
  EventLog {
    provider: JsonRpcProvider {},
    transactionHash: '0xcd607794fd1d690d617bac1fef8d1554820a7631e424faa2ef97fb2b02332934',
    blockHash: '0xb2c259762965902c04731affe9ff2be133560d449b245dcd6151a0be0134f1f2',
    blockNumber: 5397730,
    removed: false,
    address: '0xD706eEDdc7c6be4c0623c0d01396bde7D5838399',
    data: '0x000000000000000000000000000000000000000000000000000000000000000000000000000000000000000000000000000000000000000000000000000000400000000000000000000000000000000000000000000000000000000000000042307861643966363034366661343933666539316131366564316338303363336336616437306663353231333530323865656235323139343166373762656363383635000000000000000000000000000000000000000000000000000000000000',
    topics: [
      '0x85808ba6b61b3e11f7dba026341d5ff5603fab7df37b176ebfa0f296264cd12e'
    ],
    index: 0,
    transactionIndex: 0,
    interface: Interface {
      fragments: [Array],
      deploy: [ConstructorFragment],
      fallback: null,
      receive: false
    },
    fragment: EventFragment {
      type: 'event',
      inputs: [Array],
      name: 'NewRequest',
      anonymous: false
    },
    args: Result(2) [
      0n,
      '0xad9f6046fa493fe91a16ed1c803c3c6ad70fc52135028eeb521941f77becc865'
    ]
  },
  EventLog {
    provider: JsonRpcProvider {},
    transactionHash: '0xb645376af08a1562dfd2cdfd3413c916fef8a8213481f4aa779e8fda8cd97f3b',
    blockHash: '0x68823473f3e74ee8780165dbc83fe9c67aca5ebc675c66ed5566b74e93c12aba',
    blockNumber: 5397733,
    removed: false,
    address: '0xD706eEDdc7c6be4c0623c0d01396bde7D5838399',
    data: '0x000000000000000000000000000000000000000000000000000000000000000100000000000000000000000000000000000000000000000000000000000000400000000000000000000000000000000000000000000000000000000000000042307830326639653965346534643534356162646362383834333336313465313666393263356136303933313165343435613061343866306363353434343832366361000000000000000000000000000000000000000000000000000000000000',
    topics: [
      '0x85808ba6b61b3e11f7dba026341d5ff5603fab7df37b176ebfa0f296264cd12e'
    ],
    index: 0,
    transactionIndex: 0,
    interface: Interface {
      fragments: [Array],
      deploy: [ConstructorFragment],
      fallback: null,
      receive: false
    },
    fragment: EventFragment {
      type: 'event',
      inputs: [Array],
      name: 'NewRequest',
      anonymous: false
    },
    args: Result(2) [
      1n,
      '0x02f9e9e4e4d545abdcb88433614e16f92c5a609311e445a0a48f0cc5444826ca'
    ]
  },
  EventLog {
    provider: JsonRpcProvider {},
    transactionHash: '0xce7c1b449c4c98ec228b999bd3b75ad6d7b95bc99aa916e240982bbec1ab6b10',
    blockHash: '0x70999c3d591a48aad4a5f5c98ee576dfd802090c8a81cc88f438ad536ec5dd53',
    blockNumber: 5506722,
    removed: false,
    address: '0xD706eEDdc7c6be4c0623c0d01396bde7D5838399',
    data: '0x000000000000000000000000000000000000000000000000000000000000000200000000000000000000000000000000000000000000000000000000000000400000000000000000000000000000000000000000000000000000000000000042307865613734373134633534396439633238666239633337303362346433623865626334396437313964373733623534326134396434303739323132346431396634000000000000000000000000000000000000000000000000000000000000',
    topics: [
      '0x85808ba6b61b3e11f7dba026341d5ff5603fab7df37b176ebfa0f296264cd12e'
    ],
    index: 0,
    transactionIndex: 1,
    interface: Interface {
      fragments: [Array],
      deploy: [ConstructorFragment],
      fallback: null,
      receive: false
    },
    fragment: EventFragment {
      type: 'event',
      inputs: [Array],
      name: 'NewRequest',
      anonymous: false
    },
    args: Result(2) [
      2n,
      '0xea74714c549d9c28fb9c3703b4d3b8ebc49d719d773b542a49d40792124d19f4'
    ]
  }
]
[2024-06-23T02:07:11.951] [INFO] default - currentRequestId:  3
[2024-06-23T02:07:11.951] [INFO] default - No new request
[2024-06-23T02:07:22.095] [INFO] default - events:  [
  EventLog {
    provider: JsonRpcProvider {},
    transactionHash: '0xcd607794fd1d690d617bac1fef8d1554820a7631e424faa2ef97fb2b02332934',
    blockHash: '0xb2c259762965902c04731affe9ff2be133560d449b245dcd6151a0be0134f1f2',
    blockNumber: 5397730,
    removed: false,
    address: '0xD706eEDdc7c6be4c0623c0d01396bde7D5838399',
    data: '0x000000000000000000000000000000000000000000000000000000000000000000000000000000000000000000000000000000000000000000000000000000400000000000000000000000000000000000000000000000000000000000000042307861643966363034366661343933666539316131366564316338303363336336616437306663353231333530323865656235323139343166373762656363383635000000000000000000000000000000000000000000000000000000000000',
    topics: [
      '0x85808ba6b61b3e11f7dba026341d5ff5603fab7df37b176ebfa0f296264cd12e'
    ],
    index: 0,
    transactionIndex: 0,
    interface: Interface {
      fragments: [Array],
      deploy: [ConstructorFragment],
      fallback: null,
      receive: false
    },
    fragment: EventFragment {
      type: 'event',
      inputs: [Array],
      name: 'NewRequest',
      anonymous: false
    },
    args: Result(2) [
      0n,
      '0xad9f6046fa493fe91a16ed1c803c3c6ad70fc52135028eeb521941f77becc865'
    ]
  },
  EventLog {
    provider: JsonRpcProvider {},
    transactionHash: '0xb645376af08a1562dfd2cdfd3413c916fef8a8213481f4aa779e8fda8cd97f3b',
    blockHash: '0x68823473f3e74ee8780165dbc83fe9c67aca5ebc675c66ed5566b74e93c12aba',
    blockNumber: 5397733,
    removed: false,
    address: '0xD706eEDdc7c6be4c0623c0d01396bde7D5838399',
    data: '0x000000000000000000000000000000000000000000000000000000000000000100000000000000000000000000000000000000000000000000000000000000400000000000000000000000000000000000000000000000000000000000000042307830326639653965346534643534356162646362383834333336313465313666393263356136303933313165343435613061343866306363353434343832366361000000000000000000000000000000000000000000000000000000000000',
    topics: [
      '0x85808ba6b61b3e11f7dba026341d5ff5603fab7df37b176ebfa0f296264cd12e'
    ],
    index: 0,
    transactionIndex: 0,
    interface: Interface {
      fragments: [Array],
      deploy: [ConstructorFragment],
      fallback: null,
      receive: false
    },
    fragment: EventFragment {
      type: 'event',
      inputs: [Array],
      name: 'NewRequest',
      anonymous: false
    },
    args: Result(2) [
      1n,
      '0x02f9e9e4e4d545abdcb88433614e16f92c5a609311e445a0a48f0cc5444826ca'
    ]
  },
  EventLog {
    provider: JsonRpcProvider {},
    transactionHash: '0xce7c1b449c4c98ec228b999bd3b75ad6d7b95bc99aa916e240982bbec1ab6b10',
    blockHash: '0x70999c3d591a48aad4a5f5c98ee576dfd802090c8a81cc88f438ad536ec5dd53',
    blockNumber: 5506722,
    removed: false,
    address: '0xD706eEDdc7c6be4c0623c0d01396bde7D5838399',
    data: '0x000000000000000000000000000000000000000000000000000000000000000200000000000000000000000000000000000000000000000000000000000000400000000000000000000000000000000000000000000000000000000000000042307865613734373134633534396439633238666239633337303362346433623865626334396437313964373733623534326134396434303739323132346431396634000000000000000000000000000000000000000000000000000000000000',
    topics: [
      '0x85808ba6b61b3e11f7dba026341d5ff5603fab7df37b176ebfa0f296264cd12e'
    ],
    index: 0,
    transactionIndex: 1,
    interface: Interface {
      fragments: [Array],
      deploy: [ConstructorFragment],
      fallback: null,
      receive: false
    },
    fragment: EventFragment {
      type: 'event',
      inputs: [Array],
      name: 'NewRequest',
      anonymous: false
    },
    args: Result(2) [
      2n,
      '0xea74714c549d9c28fb9c3703b4d3b8ebc49d719d773b542a49d40792124d19f4'
    ]
  }
]
[2024-06-23T02:07:22.097] [INFO] default - currentRequestId:  3
[2024-06-23T02:07:22.097] [INFO] default - No new request
[2024-06-23T02:07:32.328] [INFO] default - events:  [
  EventLog {
    provider: JsonRpcProvider {},
    transactionHash: '0xcd607794fd1d690d617bac1fef8d1554820a7631e424faa2ef97fb2b02332934',
    blockHash: '0xb2c259762965902c04731affe9ff2be133560d449b245dcd6151a0be0134f1f2',
    blockNumber: 5397730,
    removed: false,
    address: '0xD706eEDdc7c6be4c0623c0d01396bde7D5838399',
    data: '0x000000000000000000000000000000000000000000000000000000000000000000000000000000000000000000000000000000000000000000000000000000400000000000000000000000000000000000000000000000000000000000000042307861643966363034366661343933666539316131366564316338303363336336616437306663353231333530323865656235323139343166373762656363383635000000000000000000000000000000000000000000000000000000000000',
    topics: [
      '0x85808ba6b61b3e11f7dba026341d5ff5603fab7df37b176ebfa0f296264cd12e'
    ],
    index: 0,
    transactionIndex: 0,
    interface: Interface {
      fragments: [Array],
      deploy: [ConstructorFragment],
      fallback: null,
      receive: false
    },
    fragment: EventFragment {
      type: 'event',
      inputs: [Array],
      name: 'NewRequest',
      anonymous: false
    },
    args: Result(2) [
      0n,
      '0xad9f6046fa493fe91a16ed1c803c3c6ad70fc52135028eeb521941f77becc865'
    ]
  },
  EventLog {
    provider: JsonRpcProvider {},
    transactionHash: '0xb645376af08a1562dfd2cdfd3413c916fef8a8213481f4aa779e8fda8cd97f3b',
    blockHash: '0x68823473f3e74ee8780165dbc83fe9c67aca5ebc675c66ed5566b74e93c12aba',
    blockNumber: 5397733,
    removed: false,
    address: '0xD706eEDdc7c6be4c0623c0d01396bde7D5838399',
    data: '0x000000000000000000000000000000000000000000000000000000000000000100000000000000000000000000000000000000000000000000000000000000400000000000000000000000000000000000000000000000000000000000000042307830326639653965346534643534356162646362383834333336313465313666393263356136303933313165343435613061343866306363353434343832366361000000000000000000000000000000000000000000000000000000000000',
    topics: [
      '0x85808ba6b61b3e11f7dba026341d5ff5603fab7df37b176ebfa0f296264cd12e'
    ],
    index: 0,
    transactionIndex: 0,
    interface: Interface {
      fragments: [Array],
      deploy: [ConstructorFragment],
      fallback: null,
      receive: false
    },
    fragment: EventFragment {
      type: 'event',
      inputs: [Array],
      name: 'NewRequest',
      anonymous: false
    },
    args: Result(2) [
      1n,
      '0x02f9e9e4e4d545abdcb88433614e16f92c5a609311e445a0a48f0cc5444826ca'
    ]
  },
  EventLog {
    provider: JsonRpcProvider {},
    transactionHash: '0xce7c1b449c4c98ec228b999bd3b75ad6d7b95bc99aa916e240982bbec1ab6b10',
    blockHash: '0x70999c3d591a48aad4a5f5c98ee576dfd802090c8a81cc88f438ad536ec5dd53',
    blockNumber: 5506722,
    removed: false,
    address: '0xD706eEDdc7c6be4c0623c0d01396bde7D5838399',
    data: '0x000000000000000000000000000000000000000000000000000000000000000200000000000000000000000000000000000000000000000000000000000000400000000000000000000000000000000000000000000000000000000000000042307865613734373134633534396439633238666239633337303362346433623865626334396437313964373733623534326134396434303739323132346431396634000000000000000000000000000000000000000000000000000000000000',
    topics: [
      '0x85808ba6b61b3e11f7dba026341d5ff5603fab7df37b176ebfa0f296264cd12e'
    ],
    index: 0,
    transactionIndex: 1,
    interface: Interface {
      fragments: [Array],
      deploy: [ConstructorFragment],
      fallback: null,
      receive: false
    },
    fragment: EventFragment {
      type: 'event',
      inputs: [Array],
      name: 'NewRequest',
      anonymous: false
    },
    args: Result(2) [
      2n,
      '0xea74714c549d9c28fb9c3703b4d3b8ebc49d719d773b542a49d40792124d19f4'
    ]
  }
]
[2024-06-23T02:07:32.330] [INFO] default - currentRequestId:  3
[2024-06-23T02:07:32.330] [INFO] default - No new request
[2024-06-23T02:07:42.549] [INFO] default - events:  [
  EventLog {
    provider: JsonRpcProvider {},
    transactionHash: '0xcd607794fd1d690d617bac1fef8d1554820a7631e424faa2ef97fb2b02332934',
    blockHash: '0xb2c259762965902c04731affe9ff2be133560d449b245dcd6151a0be0134f1f2',
    blockNumber: 5397730,
    removed: false,
    address: '0xD706eEDdc7c6be4c0623c0d01396bde7D5838399',
    data: '0x000000000000000000000000000000000000000000000000000000000000000000000000000000000000000000000000000000000000000000000000000000400000000000000000000000000000000000000000000000000000000000000042307861643966363034366661343933666539316131366564316338303363336336616437306663353231333530323865656235323139343166373762656363383635000000000000000000000000000000000000000000000000000000000000',
    topics: [
      '0x85808ba6b61b3e11f7dba026341d5ff5603fab7df37b176ebfa0f296264cd12e'
    ],
    index: 0,
    transactionIndex: 0,
    interface: Interface {
      fragments: [Array],
      deploy: [ConstructorFragment],
      fallback: null,
      receive: false
    },
    fragment: EventFragment {
      type: 'event',
      inputs: [Array],
      name: 'NewRequest',
      anonymous: false
    },
    args: Result(2) [
      0n,
      '0xad9f6046fa493fe91a16ed1c803c3c6ad70fc52135028eeb521941f77becc865'
    ]
  },
  EventLog {
    provider: JsonRpcProvider {},
    transactionHash: '0xb645376af08a1562dfd2cdfd3413c916fef8a8213481f4aa779e8fda8cd97f3b',
    blockHash: '0x68823473f3e74ee8780165dbc83fe9c67aca5ebc675c66ed5566b74e93c12aba',
    blockNumber: 5397733,
    removed: false,
    address: '0xD706eEDdc7c6be4c0623c0d01396bde7D5838399',
    data: '0x000000000000000000000000000000000000000000000000000000000000000100000000000000000000000000000000000000000000000000000000000000400000000000000000000000000000000000000000000000000000000000000042307830326639653965346534643534356162646362383834333336313465313666393263356136303933313165343435613061343866306363353434343832366361000000000000000000000000000000000000000000000000000000000000',
    topics: [
      '0x85808ba6b61b3e11f7dba026341d5ff5603fab7df37b176ebfa0f296264cd12e'
    ],
    index: 0,
    transactionIndex: 0,
    interface: Interface {
      fragments: [Array],
      deploy: [ConstructorFragment],
      fallback: null,
      receive: false
    },
    fragment: EventFragment {
      type: 'event',
      inputs: [Array],
      name: 'NewRequest',
      anonymous: false
    },
    args: Result(2) [
      1n,
      '0x02f9e9e4e4d545abdcb88433614e16f92c5a609311e445a0a48f0cc5444826ca'
    ]
  },
  EventLog {
    provider: JsonRpcProvider {},
    transactionHash: '0xce7c1b449c4c98ec228b999bd3b75ad6d7b95bc99aa916e240982bbec1ab6b10',
    blockHash: '0x70999c3d591a48aad4a5f5c98ee576dfd802090c8a81cc88f438ad536ec5dd53',
    blockNumber: 5506722,
    removed: false,
    address: '0xD706eEDdc7c6be4c0623c0d01396bde7D5838399',
    data: '0x000000000000000000000000000000000000000000000000000000000000000200000000000000000000000000000000000000000000000000000000000000400000000000000000000000000000000000000000000000000000000000000042307865613734373134633534396439633238666239633337303362346433623865626334396437313964373733623534326134396434303739323132346431396634000000000000000000000000000000000000000000000000000000000000',
    topics: [
      '0x85808ba6b61b3e11f7dba026341d5ff5603fab7df37b176ebfa0f296264cd12e'
    ],
    index: 0,
    transactionIndex: 1,
    interface: Interface {
      fragments: [Array],
      deploy: [ConstructorFragment],
      fallback: null,
      receive: false
    },
    fragment: EventFragment {
      type: 'event',
      inputs: [Array],
      name: 'NewRequest',
      anonymous: false
    },
    args: Result(2) [
      2n,
      '0xea74714c549d9c28fb9c3703b4d3b8ebc49d719d773b542a49d40792124d19f4'
    ]
  }
]
[2024-06-23T02:07:42.550] [INFO] default - currentRequestId:  3
[2024-06-23T02:07:42.551] [INFO] default - No new request
[2024-06-23T02:08:35.391] [INFO] default - events:  [
  EventLog {
    provider: JsonRpcProvider {},
    transactionHash: '0xcd607794fd1d690d617bac1fef8d1554820a7631e424faa2ef97fb2b02332934',
    blockHash: '0xb2c259762965902c04731affe9ff2be133560d449b245dcd6151a0be0134f1f2',
    blockNumber: 5397730,
    removed: false,
    address: '0xD706eEDdc7c6be4c0623c0d01396bde7D5838399',
    data: '0x000000000000000000000000000000000000000000000000000000000000000000000000000000000000000000000000000000000000000000000000000000400000000000000000000000000000000000000000000000000000000000000042307861643966363034366661343933666539316131366564316338303363336336616437306663353231333530323865656235323139343166373762656363383635000000000000000000000000000000000000000000000000000000000000',
    topics: [
      '0x85808ba6b61b3e11f7dba026341d5ff5603fab7df37b176ebfa0f296264cd12e'
    ],
    index: 0,
    transactionIndex: 0,
    interface: Interface {
      fragments: [Array],
      deploy: [ConstructorFragment],
      fallback: null,
      receive: false
    },
    fragment: EventFragment {
      type: 'event',
      inputs: [Array],
      name: 'NewRequest',
      anonymous: false
    },
    args: Result(2) [
      0n,
      '0xad9f6046fa493fe91a16ed1c803c3c6ad70fc52135028eeb521941f77becc865'
    ]
  },
  EventLog {
    provider: JsonRpcProvider {},
    transactionHash: '0xb645376af08a1562dfd2cdfd3413c916fef8a8213481f4aa779e8fda8cd97f3b',
    blockHash: '0x68823473f3e74ee8780165dbc83fe9c67aca5ebc675c66ed5566b74e93c12aba',
    blockNumber: 5397733,
    removed: false,
    address: '0xD706eEDdc7c6be4c0623c0d01396bde7D5838399',
    data: '0x000000000000000000000000000000000000000000000000000000000000000100000000000000000000000000000000000000000000000000000000000000400000000000000000000000000000000000000000000000000000000000000042307830326639653965346534643534356162646362383834333336313465313666393263356136303933313165343435613061343866306363353434343832366361000000000000000000000000000000000000000000000000000000000000',
    topics: [
      '0x85808ba6b61b3e11f7dba026341d5ff5603fab7df37b176ebfa0f296264cd12e'
    ],
    index: 0,
    transactionIndex: 0,
    interface: Interface {
      fragments: [Array],
      deploy: [ConstructorFragment],
      fallback: null,
      receive: false
    },
    fragment: EventFragment {
      type: 'event',
      inputs: [Array],
      name: 'NewRequest',
      anonymous: false
    },
    args: Result(2) [
      1n,
      '0x02f9e9e4e4d545abdcb88433614e16f92c5a609311e445a0a48f0cc5444826ca'
    ]
  },
  EventLog {
    provider: JsonRpcProvider {},
    transactionHash: '0xce7c1b449c4c98ec228b999bd3b75ad6d7b95bc99aa916e240982bbec1ab6b10',
    blockHash: '0x70999c3d591a48aad4a5f5c98ee576dfd802090c8a81cc88f438ad536ec5dd53',
    blockNumber: 5506722,
    removed: false,
    address: '0xD706eEDdc7c6be4c0623c0d01396bde7D5838399',
    data: '0x000000000000000000000000000000000000000000000000000000000000000200000000000000000000000000000000000000000000000000000000000000400000000000000000000000000000000000000000000000000000000000000042307865613734373134633534396439633238666239633337303362346433623865626334396437313964373733623534326134396434303739323132346431396634000000000000000000000000000000000000000000000000000000000000',
    topics: [
      '0x85808ba6b61b3e11f7dba026341d5ff5603fab7df37b176ebfa0f296264cd12e'
    ],
    index: 0,
    transactionIndex: 1,
    interface: Interface {
      fragments: [Array],
      deploy: [ConstructorFragment],
      fallback: null,
      receive: false
    },
    fragment: EventFragment {
      type: 'event',
      inputs: [Array],
      name: 'NewRequest',
      anonymous: false
    },
    args: Result(2) [
      2n,
      '0xea74714c549d9c28fb9c3703b4d3b8ebc49d719d773b542a49d40792124d19f4'
    ]
  }
]
[2024-06-23T02:08:35.397] [INFO] default - currentRequestId:  0
[2024-06-23T02:08:35.398] [INFO] default - requestId:  0n
[2024-06-23T02:08:35.398] [INFO] default - hashedAccount:  0xad9f6046fa493fe91a16ed1c803c3c6ad70fc52135028eeb521941f77becc865
[2024-06-23T02:08:35.674] [ERROR] default - Error:  Error: insufficient funds for intrinsic transaction cost (transaction="0x02f8d4822761098518e9b26e008518e9b26e0e83019fa194d706eeddc7c6be4c0623c0d01396bde7d583839980b864ab49c774000000000000000000000000000000000000000000000000000000000000000000000000000000000000000000000000000000000000000000000000000000020000000000000000000000000000000000000000000000000000000000000000c080a0bc32daf2173ea6a054b2d80aacb12c768172db799f6b34e45bf5c29e66f0bb9fa026d965a3782a6ae791997c79a133da6de65dc8131ef2debfe2c07e6ecbf6b237", info={ "error": { "code": -32000, "message": "insufficient funds for gas * price + value: balance 21000, tx cost 11384907001489614, overshot 11384907001468614" } }, code=INSUFFICIENT_FUNDS, version=6.13.0)
    at makeError (/Users/kimurayuki/stablecoin/jpyn/jpyn-oracle-client/node_modules/ethers/src.ts/utils/errors.ts:694:21)
    at JsonRpcProvider.getRpcError (/Users/kimurayuki/stablecoin/jpyn/jpyn-oracle-client/node_modules/ethers/src.ts/providers/provider-jsonrpc.ts:1025:33)
    at /Users/kimurayuki/stablecoin/jpyn/jpyn-oracle-client/node_modules/ethers/src.ts/providers/provider-jsonrpc.ts:563:45
    at processTicksAndRejections (node:internal/process/task_queues:95:5) {
  code: 'INSUFFICIENT_FUNDS',
  transaction: '0x02f8d4822761098518e9b26e008518e9b26e0e83019fa194d706eeddc7c6be4c0623c0d01396bde7d583839980b864ab49c774000000000000000000000000000000000000000000000000000000000000000000000000000000000000000000000000000000000000000000000000000000020000000000000000000000000000000000000000000000000000000000000000c080a0bc32daf2173ea6a054b2d80aacb12c768172db799f6b34e45bf5c29e66f0bb9fa026d965a3782a6ae791997c79a133da6de65dc8131ef2debfe2c07e6ecbf6b237',
  info: {
    error: {
      code: -32000,
      message: 'insufficient funds for gas * price + value: balance 21000, tx cost 11384907001489614, overshot 11384907001468614'
    }
  },
  shortMessage: 'insufficient funds for intrinsic transaction cost'
}
[2024-06-23T02:11:32.782] [INFO] default - events:  [
  EventLog {
    provider: JsonRpcProvider {},
    transactionHash: '0xcd607794fd1d690d617bac1fef8d1554820a7631e424faa2ef97fb2b02332934',
    blockHash: '0xb2c259762965902c04731affe9ff2be133560d449b245dcd6151a0be0134f1f2',
    blockNumber: 5397730,
    removed: false,
    address: '0xD706eEDdc7c6be4c0623c0d01396bde7D5838399',
    data: '0x000000000000000000000000000000000000000000000000000000000000000000000000000000000000000000000000000000000000000000000000000000400000000000000000000000000000000000000000000000000000000000000042307861643966363034366661343933666539316131366564316338303363336336616437306663353231333530323865656235323139343166373762656363383635000000000000000000000000000000000000000000000000000000000000',
    topics: [
      '0x85808ba6b61b3e11f7dba026341d5ff5603fab7df37b176ebfa0f296264cd12e'
    ],
    index: 0,
    transactionIndex: 0,
    interface: Interface {
      fragments: [Array],
      deploy: [ConstructorFragment],
      fallback: null,
      receive: false
    },
    fragment: EventFragment {
      type: 'event',
      inputs: [Array],
      name: 'NewRequest',
      anonymous: false
    },
    args: Result(2) [
      0n,
      '0xad9f6046fa493fe91a16ed1c803c3c6ad70fc52135028eeb521941f77becc865'
    ]
  },
  EventLog {
    provider: JsonRpcProvider {},
    transactionHash: '0xb645376af08a1562dfd2cdfd3413c916fef8a8213481f4aa779e8fda8cd97f3b',
    blockHash: '0x68823473f3e74ee8780165dbc83fe9c67aca5ebc675c66ed5566b74e93c12aba',
    blockNumber: 5397733,
    removed: false,
    address: '0xD706eEDdc7c6be4c0623c0d01396bde7D5838399',
    data: '0x000000000000000000000000000000000000000000000000000000000000000100000000000000000000000000000000000000000000000000000000000000400000000000000000000000000000000000000000000000000000000000000042307830326639653965346534643534356162646362383834333336313465313666393263356136303933313165343435613061343866306363353434343832366361000000000000000000000000000000000000000000000000000000000000',
    topics: [
      '0x85808ba6b61b3e11f7dba026341d5ff5603fab7df37b176ebfa0f296264cd12e'
    ],
    index: 0,
    transactionIndex: 0,
    interface: Interface {
      fragments: [Array],
      deploy: [ConstructorFragment],
      fallback: null,
      receive: false
    },
    fragment: EventFragment {
      type: 'event',
      inputs: [Array],
      name: 'NewRequest',
      anonymous: false
    },
    args: Result(2) [
      1n,
      '0x02f9e9e4e4d545abdcb88433614e16f92c5a609311e445a0a48f0cc5444826ca'
    ]
  },
  EventLog {
    provider: JsonRpcProvider {},
    transactionHash: '0xce7c1b449c4c98ec228b999bd3b75ad6d7b95bc99aa916e240982bbec1ab6b10',
    blockHash: '0x70999c3d591a48aad4a5f5c98ee576dfd802090c8a81cc88f438ad536ec5dd53',
    blockNumber: 5506722,
    removed: false,
    address: '0xD706eEDdc7c6be4c0623c0d01396bde7D5838399',
    data: '0x000000000000000000000000000000000000000000000000000000000000000200000000000000000000000000000000000000000000000000000000000000400000000000000000000000000000000000000000000000000000000000000042307865613734373134633534396439633238666239633337303362346433623865626334396437313964373733623534326134396434303739323132346431396634000000000000000000000000000000000000000000000000000000000000',
    topics: [
      '0x85808ba6b61b3e11f7dba026341d5ff5603fab7df37b176ebfa0f296264cd12e'
    ],
    index: 0,
    transactionIndex: 1,
    interface: Interface {
      fragments: [Array],
      deploy: [ConstructorFragment],
      fallback: null,
      receive: false
    },
    fragment: EventFragment {
      type: 'event',
      inputs: [Array],
      name: 'NewRequest',
      anonymous: false
    },
    args: Result(2) [
      2n,
      '0xea74714c549d9c28fb9c3703b4d3b8ebc49d719d773b542a49d40792124d19f4'
    ]
  }
]
[2024-06-23T02:11:32.789] [INFO] default - currentRequestId:  0
[2024-06-23T02:11:32.790] [INFO] default - requestId:  0n
[2024-06-23T02:11:32.790] [INFO] default - hashedAccount:  0xad9f6046fa493fe91a16ed1c803c3c6ad70fc52135028eeb521941f77becc865
[2024-06-23T02:11:33.059] [INFO] default - Bank account not found
[2024-06-23T02:11:43.326] [INFO] default - events:  [
  EventLog {
    provider: JsonRpcProvider {},
    transactionHash: '0xcd607794fd1d690d617bac1fef8d1554820a7631e424faa2ef97fb2b02332934',
    blockHash: '0xb2c259762965902c04731affe9ff2be133560d449b245dcd6151a0be0134f1f2',
    blockNumber: 5397730,
    removed: false,
    address: '0xD706eEDdc7c6be4c0623c0d01396bde7D5838399',
    data: '0x000000000000000000000000000000000000000000000000000000000000000000000000000000000000000000000000000000000000000000000000000000400000000000000000000000000000000000000000000000000000000000000042307861643966363034366661343933666539316131366564316338303363336336616437306663353231333530323865656235323139343166373762656363383635000000000000000000000000000000000000000000000000000000000000',
    topics: [
      '0x85808ba6b61b3e11f7dba026341d5ff5603fab7df37b176ebfa0f296264cd12e'
    ],
    index: 0,
    transactionIndex: 0,
    interface: Interface {
      fragments: [Array],
      deploy: [ConstructorFragment],
      fallback: null,
      receive: false
    },
    fragment: EventFragment {
      type: 'event',
      inputs: [Array],
      name: 'NewRequest',
      anonymous: false
    },
    args: Result(2) [
      0n,
      '0xad9f6046fa493fe91a16ed1c803c3c6ad70fc52135028eeb521941f77becc865'
    ]
  },
  EventLog {
    provider: JsonRpcProvider {},
    transactionHash: '0xb645376af08a1562dfd2cdfd3413c916fef8a8213481f4aa779e8fda8cd97f3b',
    blockHash: '0x68823473f3e74ee8780165dbc83fe9c67aca5ebc675c66ed5566b74e93c12aba',
    blockNumber: 5397733,
    removed: false,
    address: '0xD706eEDdc7c6be4c0623c0d01396bde7D5838399',
    data: '0x000000000000000000000000000000000000000000000000000000000000000100000000000000000000000000000000000000000000000000000000000000400000000000000000000000000000000000000000000000000000000000000042307830326639653965346534643534356162646362383834333336313465313666393263356136303933313165343435613061343866306363353434343832366361000000000000000000000000000000000000000000000000000000000000',
    topics: [
      '0x85808ba6b61b3e11f7dba026341d5ff5603fab7df37b176ebfa0f296264cd12e'
    ],
    index: 0,
    transactionIndex: 0,
    interface: Interface {
      fragments: [Array],
      deploy: [ConstructorFragment],
      fallback: null,
      receive: false
    },
    fragment: EventFragment {
      type: 'event',
      inputs: [Array],
      name: 'NewRequest',
      anonymous: false
    },
    args: Result(2) [
      1n,
      '0x02f9e9e4e4d545abdcb88433614e16f92c5a609311e445a0a48f0cc5444826ca'
    ]
  },
  EventLog {
    provider: JsonRpcProvider {},
    transactionHash: '0xce7c1b449c4c98ec228b999bd3b75ad6d7b95bc99aa916e240982bbec1ab6b10',
    blockHash: '0x70999c3d591a48aad4a5f5c98ee576dfd802090c8a81cc88f438ad536ec5dd53',
    blockNumber: 5506722,
    removed: false,
    address: '0xD706eEDdc7c6be4c0623c0d01396bde7D5838399',
    data: '0x000000000000000000000000000000000000000000000000000000000000000200000000000000000000000000000000000000000000000000000000000000400000000000000000000000000000000000000000000000000000000000000042307865613734373134633534396439633238666239633337303362346433623865626334396437313964373733623534326134396434303739323132346431396634000000000000000000000000000000000000000000000000000000000000',
    topics: [
      '0x85808ba6b61b3e11f7dba026341d5ff5603fab7df37b176ebfa0f296264cd12e'
    ],
    index: 0,
    transactionIndex: 1,
    interface: Interface {
      fragments: [Array],
      deploy: [ConstructorFragment],
      fallback: null,
      receive: false
    },
    fragment: EventFragment {
      type: 'event',
      inputs: [Array],
      name: 'NewRequest',
      anonymous: false
    },
    args: Result(2) [
      2n,
      '0xea74714c549d9c28fb9c3703b4d3b8ebc49d719d773b542a49d40792124d19f4'
    ]
  }
]
[2024-06-23T02:11:43.328] [INFO] default - currentRequestId:  1
[2024-06-23T02:11:43.328] [INFO] default - requestId:  1n
[2024-06-23T02:11:43.328] [INFO] default - hashedAccount:  0x02f9e9e4e4d545abdcb88433614e16f92c5a609311e445a0a48f0cc5444826ca
[2024-06-23T02:11:43.642] [INFO] default - Bank account not found
[2024-06-23T02:11:53.815] [INFO] default - events:  [
  EventLog {
    provider: JsonRpcProvider {},
    transactionHash: '0xcd607794fd1d690d617bac1fef8d1554820a7631e424faa2ef97fb2b02332934',
    blockHash: '0xb2c259762965902c04731affe9ff2be133560d449b245dcd6151a0be0134f1f2',
    blockNumber: 5397730,
    removed: false,
    address: '0xD706eEDdc7c6be4c0623c0d01396bde7D5838399',
    data: '0x000000000000000000000000000000000000000000000000000000000000000000000000000000000000000000000000000000000000000000000000000000400000000000000000000000000000000000000000000000000000000000000042307861643966363034366661343933666539316131366564316338303363336336616437306663353231333530323865656235323139343166373762656363383635000000000000000000000000000000000000000000000000000000000000',
    topics: [
      '0x85808ba6b61b3e11f7dba026341d5ff5603fab7df37b176ebfa0f296264cd12e'
    ],
    index: 0,
    transactionIndex: 0,
    interface: Interface {
      fragments: [Array],
      deploy: [ConstructorFragment],
      fallback: null,
      receive: false
    },
    fragment: EventFragment {
      type: 'event',
      inputs: [Array],
      name: 'NewRequest',
      anonymous: false
    },
    args: Result(2) [
      0n,
      '0xad9f6046fa493fe91a16ed1c803c3c6ad70fc52135028eeb521941f77becc865'
    ]
  },
  EventLog {
    provider: JsonRpcProvider {},
    transactionHash: '0xb645376af08a1562dfd2cdfd3413c916fef8a8213481f4aa779e8fda8cd97f3b',
    blockHash: '0x68823473f3e74ee8780165dbc83fe9c67aca5ebc675c66ed5566b74e93c12aba',
    blockNumber: 5397733,
    removed: false,
    address: '0xD706eEDdc7c6be4c0623c0d01396bde7D5838399',
    data: '0x000000000000000000000000000000000000000000000000000000000000000100000000000000000000000000000000000000000000000000000000000000400000000000000000000000000000000000000000000000000000000000000042307830326639653965346534643534356162646362383834333336313465313666393263356136303933313165343435613061343866306363353434343832366361000000000000000000000000000000000000000000000000000000000000',
    topics: [
      '0x85808ba6b61b3e11f7dba026341d5ff5603fab7df37b176ebfa0f296264cd12e'
    ],
    index: 0,
    transactionIndex: 0,
    interface: Interface {
      fragments: [Array],
      deploy: [ConstructorFragment],
      fallback: null,
      receive: false
    },
    fragment: EventFragment {
      type: 'event',
      inputs: [Array],
      name: 'NewRequest',
      anonymous: false
    },
    args: Result(2) [
      1n,
      '0x02f9e9e4e4d545abdcb88433614e16f92c5a609311e445a0a48f0cc5444826ca'
    ]
  },
  EventLog {
    provider: JsonRpcProvider {},
    transactionHash: '0xce7c1b449c4c98ec228b999bd3b75ad6d7b95bc99aa916e240982bbec1ab6b10',
    blockHash: '0x70999c3d591a48aad4a5f5c98ee576dfd802090c8a81cc88f438ad536ec5dd53',
    blockNumber: 5506722,
    removed: false,
    address: '0xD706eEDdc7c6be4c0623c0d01396bde7D5838399',
    data: '0x000000000000000000000000000000000000000000000000000000000000000200000000000000000000000000000000000000000000000000000000000000400000000000000000000000000000000000000000000000000000000000000042307865613734373134633534396439633238666239633337303362346433623865626334396437313964373733623534326134396434303739323132346431396634000000000000000000000000000000000000000000000000000000000000',
    topics: [
      '0x85808ba6b61b3e11f7dba026341d5ff5603fab7df37b176ebfa0f296264cd12e'
    ],
    index: 0,
    transactionIndex: 1,
    interface: Interface {
      fragments: [Array],
      deploy: [ConstructorFragment],
      fallback: null,
      receive: false
    },
    fragment: EventFragment {
      type: 'event',
      inputs: [Array],
      name: 'NewRequest',
      anonymous: false
    },
    args: Result(2) [
      2n,
      '0xea74714c549d9c28fb9c3703b4d3b8ebc49d719d773b542a49d40792124d19f4'
    ]
  }
]
[2024-06-23T02:11:53.816] [INFO] default - currentRequestId:  2
[2024-06-23T02:11:53.816] [INFO] default - requestId:  2n
[2024-06-23T02:11:53.816] [INFO] default - hashedAccount:  0xea74714c549d9c28fb9c3703b4d3b8ebc49d719d773b542a49d40792124d19f4
[2024-06-23T02:12:05.430] [INFO] default - events:  [
  EventLog {
    provider: JsonRpcProvider {},
    transactionHash: '0xcd607794fd1d690d617bac1fef8d1554820a7631e424faa2ef97fb2b02332934',
    blockHash: '0xb2c259762965902c04731affe9ff2be133560d449b245dcd6151a0be0134f1f2',
    blockNumber: 5397730,
    removed: false,
    address: '0xD706eEDdc7c6be4c0623c0d01396bde7D5838399',
    data: '0x000000000000000000000000000000000000000000000000000000000000000000000000000000000000000000000000000000000000000000000000000000400000000000000000000000000000000000000000000000000000000000000042307861643966363034366661343933666539316131366564316338303363336336616437306663353231333530323865656235323139343166373762656363383635000000000000000000000000000000000000000000000000000000000000',
    topics: [
      '0x85808ba6b61b3e11f7dba026341d5ff5603fab7df37b176ebfa0f296264cd12e'
    ],
    index: 0,
    transactionIndex: 0,
    interface: Interface {
      fragments: [Array],
      deploy: [ConstructorFragment],
      fallback: null,
      receive: false
    },
    fragment: EventFragment {
      type: 'event',
      inputs: [Array],
      name: 'NewRequest',
      anonymous: false
    },
    args: Result(2) [
      0n,
      '0xad9f6046fa493fe91a16ed1c803c3c6ad70fc52135028eeb521941f77becc865'
    ]
  },
  EventLog {
    provider: JsonRpcProvider {},
    transactionHash: '0xb645376af08a1562dfd2cdfd3413c916fef8a8213481f4aa779e8fda8cd97f3b',
    blockHash: '0x68823473f3e74ee8780165dbc83fe9c67aca5ebc675c66ed5566b74e93c12aba',
    blockNumber: 5397733,
    removed: false,
    address: '0xD706eEDdc7c6be4c0623c0d01396bde7D5838399',
    data: '0x000000000000000000000000000000000000000000000000000000000000000100000000000000000000000000000000000000000000000000000000000000400000000000000000000000000000000000000000000000000000000000000042307830326639653965346534643534356162646362383834333336313465313666393263356136303933313165343435613061343866306363353434343832366361000000000000000000000000000000000000000000000000000000000000',
    topics: [
      '0x85808ba6b61b3e11f7dba026341d5ff5603fab7df37b176ebfa0f296264cd12e'
    ],
    index: 0,
    transactionIndex: 0,
    interface: Interface {
      fragments: [Array],
      deploy: [ConstructorFragment],
      fallback: null,
      receive: false
    },
    fragment: EventFragment {
      type: 'event',
      inputs: [Array],
      name: 'NewRequest',
      anonymous: false
    },
    args: Result(2) [
      1n,
      '0x02f9e9e4e4d545abdcb88433614e16f92c5a609311e445a0a48f0cc5444826ca'
    ]
  },
  EventLog {
    provider: JsonRpcProvider {},
    transactionHash: '0xce7c1b449c4c98ec228b999bd3b75ad6d7b95bc99aa916e240982bbec1ab6b10',
    blockHash: '0x70999c3d591a48aad4a5f5c98ee576dfd802090c8a81cc88f438ad536ec5dd53',
    blockNumber: 5506722,
    removed: false,
    address: '0xD706eEDdc7c6be4c0623c0d01396bde7D5838399',
    data: '0x000000000000000000000000000000000000000000000000000000000000000200000000000000000000000000000000000000000000000000000000000000400000000000000000000000000000000000000000000000000000000000000042307865613734373134633534396439633238666239633337303362346433623865626334396437313964373733623534326134396434303739323132346431396634000000000000000000000000000000000000000000000000000000000000',
    topics: [
      '0x85808ba6b61b3e11f7dba026341d5ff5603fab7df37b176ebfa0f296264cd12e'
    ],
    index: 0,
    transactionIndex: 1,
    interface: Interface {
      fragments: [Array],
      deploy: [ConstructorFragment],
      fallback: null,
      receive: false
    },
    fragment: EventFragment {
      type: 'event',
      inputs: [Array],
      name: 'NewRequest',
      anonymous: false
    },
    args: Result(2) [
      2n,
      '0xea74714c549d9c28fb9c3703b4d3b8ebc49d719d773b542a49d40792124d19f4'
    ]
  }
]
[2024-06-23T02:12:05.432] [INFO] default - currentRequestId:  3
[2024-06-23T02:12:05.432] [INFO] default - No new request
[2024-06-23T02:12:45.883] [INFO] default - events:  [
  EventLog {
    provider: JsonRpcProvider {},
    transactionHash: '0xcd607794fd1d690d617bac1fef8d1554820a7631e424faa2ef97fb2b02332934',
    blockHash: '0xb2c259762965902c04731affe9ff2be133560d449b245dcd6151a0be0134f1f2',
    blockNumber: 5397730,
    removed: false,
    address: '0xD706eEDdc7c6be4c0623c0d01396bde7D5838399',
    data: '0x000000000000000000000000000000000000000000000000000000000000000000000000000000000000000000000000000000000000000000000000000000400000000000000000000000000000000000000000000000000000000000000042307861643966363034366661343933666539316131366564316338303363336336616437306663353231333530323865656235323139343166373762656363383635000000000000000000000000000000000000000000000000000000000000',
    topics: [
      '0x85808ba6b61b3e11f7dba026341d5ff5603fab7df37b176ebfa0f296264cd12e'
    ],
    index: 0,
    transactionIndex: 0,
    interface: Interface {
      fragments: [Array],
      deploy: [ConstructorFragment],
      fallback: null,
      receive: false
    },
    fragment: EventFragment {
      type: 'event',
      inputs: [Array],
      name: 'NewRequest',
      anonymous: false
    },
    args: Result(2) [
      0n,
      '0xad9f6046fa493fe91a16ed1c803c3c6ad70fc52135028eeb521941f77becc865'
    ]
  },
  EventLog {
    provider: JsonRpcProvider {},
    transactionHash: '0xb645376af08a1562dfd2cdfd3413c916fef8a8213481f4aa779e8fda8cd97f3b',
    blockHash: '0x68823473f3e74ee8780165dbc83fe9c67aca5ebc675c66ed5566b74e93c12aba',
    blockNumber: 5397733,
    removed: false,
    address: '0xD706eEDdc7c6be4c0623c0d01396bde7D5838399',
    data: '0x000000000000000000000000000000000000000000000000000000000000000100000000000000000000000000000000000000000000000000000000000000400000000000000000000000000000000000000000000000000000000000000042307830326639653965346534643534356162646362383834333336313465313666393263356136303933313165343435613061343866306363353434343832366361000000000000000000000000000000000000000000000000000000000000',
    topics: [
      '0x85808ba6b61b3e11f7dba026341d5ff5603fab7df37b176ebfa0f296264cd12e'
    ],
    index: 0,
    transactionIndex: 0,
    interface: Interface {
      fragments: [Array],
      deploy: [ConstructorFragment],
      fallback: null,
      receive: false
    },
    fragment: EventFragment {
      type: 'event',
      inputs: [Array],
      name: 'NewRequest',
      anonymous: false
    },
    args: Result(2) [
      1n,
      '0x02f9e9e4e4d545abdcb88433614e16f92c5a609311e445a0a48f0cc5444826ca'
    ]
  },
  EventLog {
    provider: JsonRpcProvider {},
    transactionHash: '0xce7c1b449c4c98ec228b999bd3b75ad6d7b95bc99aa916e240982bbec1ab6b10',
    blockHash: '0x70999c3d591a48aad4a5f5c98ee576dfd802090c8a81cc88f438ad536ec5dd53',
    blockNumber: 5506722,
    removed: false,
    address: '0xD706eEDdc7c6be4c0623c0d01396bde7D5838399',
    data: '0x000000000000000000000000000000000000000000000000000000000000000200000000000000000000000000000000000000000000000000000000000000400000000000000000000000000000000000000000000000000000000000000042307865613734373134633534396439633238666239633337303362346433623865626334396437313964373733623534326134396434303739323132346431396634000000000000000000000000000000000000000000000000000000000000',
    topics: [
      '0x85808ba6b61b3e11f7dba026341d5ff5603fab7df37b176ebfa0f296264cd12e'
    ],
    index: 0,
    transactionIndex: 1,
    interface: Interface {
      fragments: [Array],
      deploy: [ConstructorFragment],
      fallback: null,
      receive: false
    },
    fragment: EventFragment {
      type: 'event',
      inputs: [Array],
      name: 'NewRequest',
      anonymous: false
    },
    args: Result(2) [
      2n,
      '0xea74714c549d9c28fb9c3703b4d3b8ebc49d719d773b542a49d40792124d19f4'
    ]
  }
]
[2024-06-23T02:12:45.890] [INFO] default - currentRequestId:  0
[2024-06-23T02:12:45.891] [INFO] default - requestId:  0n
[2024-06-23T02:12:45.891] [INFO] default - hashedAccount:  0xad9f6046fa493fe91a16ed1c803c3c6ad70fc52135028eeb521941f77becc865
[2024-06-23T02:12:46.170] [INFO] default - Bank account not found
[2024-06-23T02:12:56.337] [INFO] default - events:  [
  EventLog {
    provider: JsonRpcProvider {},
    transactionHash: '0xcd607794fd1d690d617bac1fef8d1554820a7631e424faa2ef97fb2b02332934',
    blockHash: '0xb2c259762965902c04731affe9ff2be133560d449b245dcd6151a0be0134f1f2',
    blockNumber: 5397730,
    removed: false,
    address: '0xD706eEDdc7c6be4c0623c0d01396bde7D5838399',
    data: '0x000000000000000000000000000000000000000000000000000000000000000000000000000000000000000000000000000000000000000000000000000000400000000000000000000000000000000000000000000000000000000000000042307861643966363034366661343933666539316131366564316338303363336336616437306663353231333530323865656235323139343166373762656363383635000000000000000000000000000000000000000000000000000000000000',
    topics: [
      '0x85808ba6b61b3e11f7dba026341d5ff5603fab7df37b176ebfa0f296264cd12e'
    ],
    index: 0,
    transactionIndex: 0,
    interface: Interface {
      fragments: [Array],
      deploy: [ConstructorFragment],
      fallback: null,
      receive: false
    },
    fragment: EventFragment {
      type: 'event',
      inputs: [Array],
      name: 'NewRequest',
      anonymous: false
    },
    args: Result(2) [
      0n,
      '0xad9f6046fa493fe91a16ed1c803c3c6ad70fc52135028eeb521941f77becc865'
    ]
  },
  EventLog {
    provider: JsonRpcProvider {},
    transactionHash: '0xb645376af08a1562dfd2cdfd3413c916fef8a8213481f4aa779e8fda8cd97f3b',
    blockHash: '0x68823473f3e74ee8780165dbc83fe9c67aca5ebc675c66ed5566b74e93c12aba',
    blockNumber: 5397733,
    removed: false,
    address: '0xD706eEDdc7c6be4c0623c0d01396bde7D5838399',
    data: '0x000000000000000000000000000000000000000000000000000000000000000100000000000000000000000000000000000000000000000000000000000000400000000000000000000000000000000000000000000000000000000000000042307830326639653965346534643534356162646362383834333336313465313666393263356136303933313165343435613061343866306363353434343832366361000000000000000000000000000000000000000000000000000000000000',
    topics: [
      '0x85808ba6b61b3e11f7dba026341d5ff5603fab7df37b176ebfa0f296264cd12e'
    ],
    index: 0,
    transactionIndex: 0,
    interface: Interface {
      fragments: [Array],
      deploy: [ConstructorFragment],
      fallback: null,
      receive: false
    },
    fragment: EventFragment {
      type: 'event',
      inputs: [Array],
      name: 'NewRequest',
      anonymous: false
    },
    args: Result(2) [
      1n,
      '0x02f9e9e4e4d545abdcb88433614e16f92c5a609311e445a0a48f0cc5444826ca'
    ]
  },
  EventLog {
    provider: JsonRpcProvider {},
    transactionHash: '0xce7c1b449c4c98ec228b999bd3b75ad6d7b95bc99aa916e240982bbec1ab6b10',
    blockHash: '0x70999c3d591a48aad4a5f5c98ee576dfd802090c8a81cc88f438ad536ec5dd53',
    blockNumber: 5506722,
    removed: false,
    address: '0xD706eEDdc7c6be4c0623c0d01396bde7D5838399',
    data: '0x000000000000000000000000000000000000000000000000000000000000000200000000000000000000000000000000000000000000000000000000000000400000000000000000000000000000000000000000000000000000000000000042307865613734373134633534396439633238666239633337303362346433623865626334396437313964373733623534326134396434303739323132346431396634000000000000000000000000000000000000000000000000000000000000',
    topics: [
      '0x85808ba6b61b3e11f7dba026341d5ff5603fab7df37b176ebfa0f296264cd12e'
    ],
    index: 0,
    transactionIndex: 1,
    interface: Interface {
      fragments: [Array],
      deploy: [ConstructorFragment],
      fallback: null,
      receive: false
    },
    fragment: EventFragment {
      type: 'event',
      inputs: [Array],
      name: 'NewRequest',
      anonymous: false
    },
    args: Result(2) [
      2n,
      '0xea74714c549d9c28fb9c3703b4d3b8ebc49d719d773b542a49d40792124d19f4'
    ]
  }
]
[2024-06-23T02:12:56.338] [INFO] default - currentRequestId:  1
[2024-06-23T02:12:56.338] [INFO] default - requestId:  1n
[2024-06-23T02:12:56.338] [INFO] default - hashedAccount:  0x02f9e9e4e4d545abdcb88433614e16f92c5a609311e445a0a48f0cc5444826ca
[2024-06-23T02:12:56.568] [INFO] default - Bank account not found
[2024-06-23T02:13:06.726] [INFO] default - events:  [
  EventLog {
    provider: JsonRpcProvider {},
    transactionHash: '0xcd607794fd1d690d617bac1fef8d1554820a7631e424faa2ef97fb2b02332934',
    blockHash: '0xb2c259762965902c04731affe9ff2be133560d449b245dcd6151a0be0134f1f2',
    blockNumber: 5397730,
    removed: false,
    address: '0xD706eEDdc7c6be4c0623c0d01396bde7D5838399',
    data: '0x000000000000000000000000000000000000000000000000000000000000000000000000000000000000000000000000000000000000000000000000000000400000000000000000000000000000000000000000000000000000000000000042307861643966363034366661343933666539316131366564316338303363336336616437306663353231333530323865656235323139343166373762656363383635000000000000000000000000000000000000000000000000000000000000',
    topics: [
      '0x85808ba6b61b3e11f7dba026341d5ff5603fab7df37b176ebfa0f296264cd12e'
    ],
    index: 0,
    transactionIndex: 0,
    interface: Interface {
      fragments: [Array],
      deploy: [ConstructorFragment],
      fallback: null,
      receive: false
    },
    fragment: EventFragment {
      type: 'event',
      inputs: [Array],
      name: 'NewRequest',
      anonymous: false
    },
    args: Result(2) [
      0n,
      '0xad9f6046fa493fe91a16ed1c803c3c6ad70fc52135028eeb521941f77becc865'
    ]
  },
  EventLog {
    provider: JsonRpcProvider {},
    transactionHash: '0xb645376af08a1562dfd2cdfd3413c916fef8a8213481f4aa779e8fda8cd97f3b',
    blockHash: '0x68823473f3e74ee8780165dbc83fe9c67aca5ebc675c66ed5566b74e93c12aba',
    blockNumber: 5397733,
    removed: false,
    address: '0xD706eEDdc7c6be4c0623c0d01396bde7D5838399',
    data: '0x000000000000000000000000000000000000000000000000000000000000000100000000000000000000000000000000000000000000000000000000000000400000000000000000000000000000000000000000000000000000000000000042307830326639653965346534643534356162646362383834333336313465313666393263356136303933313165343435613061343866306363353434343832366361000000000000000000000000000000000000000000000000000000000000',
    topics: [
      '0x85808ba6b61b3e11f7dba026341d5ff5603fab7df37b176ebfa0f296264cd12e'
    ],
    index: 0,
    transactionIndex: 0,
    interface: Interface {
      fragments: [Array],
      deploy: [ConstructorFragment],
      fallback: null,
      receive: false
    },
    fragment: EventFragment {
      type: 'event',
      inputs: [Array],
      name: 'NewRequest',
      anonymous: false
    },
    args: Result(2) [
      1n,
      '0x02f9e9e4e4d545abdcb88433614e16f92c5a609311e445a0a48f0cc5444826ca'
    ]
  },
  EventLog {
    provider: JsonRpcProvider {},
    transactionHash: '0xce7c1b449c4c98ec228b999bd3b75ad6d7b95bc99aa916e240982bbec1ab6b10',
    blockHash: '0x70999c3d591a48aad4a5f5c98ee576dfd802090c8a81cc88f438ad536ec5dd53',
    blockNumber: 5506722,
    removed: false,
    address: '0xD706eEDdc7c6be4c0623c0d01396bde7D5838399',
    data: '0x000000000000000000000000000000000000000000000000000000000000000200000000000000000000000000000000000000000000000000000000000000400000000000000000000000000000000000000000000000000000000000000042307865613734373134633534396439633238666239633337303362346433623865626334396437313964373733623534326134396434303739323132346431396634000000000000000000000000000000000000000000000000000000000000',
    topics: [
      '0x85808ba6b61b3e11f7dba026341d5ff5603fab7df37b176ebfa0f296264cd12e'
    ],
    index: 0,
    transactionIndex: 1,
    interface: Interface {
      fragments: [Array],
      deploy: [ConstructorFragment],
      fallback: null,
      receive: false
    },
    fragment: EventFragment {
      type: 'event',
      inputs: [Array],
      name: 'NewRequest',
      anonymous: false
    },
    args: Result(2) [
      2n,
      '0xea74714c549d9c28fb9c3703b4d3b8ebc49d719d773b542a49d40792124d19f4'
    ]
  }
]
[2024-06-23T02:13:06.727] [INFO] default - currentRequestId:  2
[2024-06-23T02:13:06.727] [INFO] default - requestId:  2n
[2024-06-23T02:13:06.728] [INFO] default - hashedAccount:  0xea74714c549d9c28fb9c3703b4d3b8ebc49d719d773b542a49d40792124d19f4
[2024-06-23T02:13:18.341] [INFO] default - events:  [
  EventLog {
    provider: JsonRpcProvider {},
    transactionHash: '0xcd607794fd1d690d617bac1fef8d1554820a7631e424faa2ef97fb2b02332934',
    blockHash: '0xb2c259762965902c04731affe9ff2be133560d449b245dcd6151a0be0134f1f2',
    blockNumber: 5397730,
    removed: false,
    address: '0xD706eEDdc7c6be4c0623c0d01396bde7D5838399',
    data: '0x000000000000000000000000000000000000000000000000000000000000000000000000000000000000000000000000000000000000000000000000000000400000000000000000000000000000000000000000000000000000000000000042307861643966363034366661343933666539316131366564316338303363336336616437306663353231333530323865656235323139343166373762656363383635000000000000000000000000000000000000000000000000000000000000',
    topics: [
      '0x85808ba6b61b3e11f7dba026341d5ff5603fab7df37b176ebfa0f296264cd12e'
    ],
    index: 0,
    transactionIndex: 0,
    interface: Interface {
      fragments: [Array],
      deploy: [ConstructorFragment],
      fallback: null,
      receive: false
    },
    fragment: EventFragment {
      type: 'event',
      inputs: [Array],
      name: 'NewRequest',
      anonymous: false
    },
    args: Result(2) [
      0n,
      '0xad9f6046fa493fe91a16ed1c803c3c6ad70fc52135028eeb521941f77becc865'
    ]
  },
  EventLog {
    provider: JsonRpcProvider {},
    transactionHash: '0xb645376af08a1562dfd2cdfd3413c916fef8a8213481f4aa779e8fda8cd97f3b',
    blockHash: '0x68823473f3e74ee8780165dbc83fe9c67aca5ebc675c66ed5566b74e93c12aba',
    blockNumber: 5397733,
    removed: false,
    address: '0xD706eEDdc7c6be4c0623c0d01396bde7D5838399',
    data: '0x000000000000000000000000000000000000000000000000000000000000000100000000000000000000000000000000000000000000000000000000000000400000000000000000000000000000000000000000000000000000000000000042307830326639653965346534643534356162646362383834333336313465313666393263356136303933313165343435613061343866306363353434343832366361000000000000000000000000000000000000000000000000000000000000',
    topics: [
      '0x85808ba6b61b3e11f7dba026341d5ff5603fab7df37b176ebfa0f296264cd12e'
    ],
    index: 0,
    transactionIndex: 0,
    interface: Interface {
      fragments: [Array],
      deploy: [ConstructorFragment],
      fallback: null,
      receive: false
    },
    fragment: EventFragment {
      type: 'event',
      inputs: [Array],
      name: 'NewRequest',
      anonymous: false
    },
    args: Result(2) [
      1n,
      '0x02f9e9e4e4d545abdcb88433614e16f92c5a609311e445a0a48f0cc5444826ca'
    ]
  },
  EventLog {
    provider: JsonRpcProvider {},
    transactionHash: '0xce7c1b449c4c98ec228b999bd3b75ad6d7b95bc99aa916e240982bbec1ab6b10',
    blockHash: '0x70999c3d591a48aad4a5f5c98ee576dfd802090c8a81cc88f438ad536ec5dd53',
    blockNumber: 5506722,
    removed: false,
    address: '0xD706eEDdc7c6be4c0623c0d01396bde7D5838399',
    data: '0x000000000000000000000000000000000000000000000000000000000000000200000000000000000000000000000000000000000000000000000000000000400000000000000000000000000000000000000000000000000000000000000042307865613734373134633534396439633238666239633337303362346433623865626334396437313964373733623534326134396434303739323132346431396634000000000000000000000000000000000000000000000000000000000000',
    topics: [
      '0x85808ba6b61b3e11f7dba026341d5ff5603fab7df37b176ebfa0f296264cd12e'
    ],
    index: 0,
    transactionIndex: 1,
    interface: Interface {
      fragments: [Array],
      deploy: [ConstructorFragment],
      fallback: null,
      receive: false
    },
    fragment: EventFragment {
      type: 'event',
      inputs: [Array],
      name: 'NewRequest',
      anonymous: false
    },
    args: Result(2) [
      2n,
      '0xea74714c549d9c28fb9c3703b4d3b8ebc49d719d773b542a49d40792124d19f4'
    ]
  }
]
[2024-06-23T02:13:18.343] [INFO] default - currentRequestId:  3
[2024-06-23T02:13:18.343] [INFO] default - No new request
[2024-06-23T02:13:59.755] [INFO] default - events:  [
  EventLog {
    provider: JsonRpcProvider {},
    transactionHash: '0xcd607794fd1d690d617bac1fef8d1554820a7631e424faa2ef97fb2b02332934',
    blockHash: '0xb2c259762965902c04731affe9ff2be133560d449b245dcd6151a0be0134f1f2',
    blockNumber: 5397730,
    removed: false,
    address: '0xD706eEDdc7c6be4c0623c0d01396bde7D5838399',
    data: '0x000000000000000000000000000000000000000000000000000000000000000000000000000000000000000000000000000000000000000000000000000000400000000000000000000000000000000000000000000000000000000000000042307861643966363034366661343933666539316131366564316338303363336336616437306663353231333530323865656235323139343166373762656363383635000000000000000000000000000000000000000000000000000000000000',
    topics: [
      '0x85808ba6b61b3e11f7dba026341d5ff5603fab7df37b176ebfa0f296264cd12e'
    ],
    index: 0,
    transactionIndex: 0,
    interface: Interface {
      fragments: [Array],
      deploy: [ConstructorFragment],
      fallback: null,
      receive: false
    },
    fragment: EventFragment {
      type: 'event',
      inputs: [Array],
      name: 'NewRequest',
      anonymous: false
    },
    args: Result(2) [
      0n,
      '0xad9f6046fa493fe91a16ed1c803c3c6ad70fc52135028eeb521941f77becc865'
    ]
  },
  EventLog {
    provider: JsonRpcProvider {},
    transactionHash: '0xb645376af08a1562dfd2cdfd3413c916fef8a8213481f4aa779e8fda8cd97f3b',
    blockHash: '0x68823473f3e74ee8780165dbc83fe9c67aca5ebc675c66ed5566b74e93c12aba',
    blockNumber: 5397733,
    removed: false,
    address: '0xD706eEDdc7c6be4c0623c0d01396bde7D5838399',
    data: '0x000000000000000000000000000000000000000000000000000000000000000100000000000000000000000000000000000000000000000000000000000000400000000000000000000000000000000000000000000000000000000000000042307830326639653965346534643534356162646362383834333336313465313666393263356136303933313165343435613061343866306363353434343832366361000000000000000000000000000000000000000000000000000000000000',
    topics: [
      '0x85808ba6b61b3e11f7dba026341d5ff5603fab7df37b176ebfa0f296264cd12e'
    ],
    index: 0,
    transactionIndex: 0,
    interface: Interface {
      fragments: [Array],
      deploy: [ConstructorFragment],
      fallback: null,
      receive: false
    },
    fragment: EventFragment {
      type: 'event',
      inputs: [Array],
      name: 'NewRequest',
      anonymous: false
    },
    args: Result(2) [
      1n,
      '0x02f9e9e4e4d545abdcb88433614e16f92c5a609311e445a0a48f0cc5444826ca'
    ]
  },
  EventLog {
    provider: JsonRpcProvider {},
    transactionHash: '0xce7c1b449c4c98ec228b999bd3b75ad6d7b95bc99aa916e240982bbec1ab6b10',
    blockHash: '0x70999c3d591a48aad4a5f5c98ee576dfd802090c8a81cc88f438ad536ec5dd53',
    blockNumber: 5506722,
    removed: false,
    address: '0xD706eEDdc7c6be4c0623c0d01396bde7D5838399',
    data: '0x000000000000000000000000000000000000000000000000000000000000000200000000000000000000000000000000000000000000000000000000000000400000000000000000000000000000000000000000000000000000000000000042307865613734373134633534396439633238666239633337303362346433623865626334396437313964373733623534326134396434303739323132346431396634000000000000000000000000000000000000000000000000000000000000',
    topics: [
      '0x85808ba6b61b3e11f7dba026341d5ff5603fab7df37b176ebfa0f296264cd12e'
    ],
    index: 0,
    transactionIndex: 1,
    interface: Interface {
      fragments: [Array],
      deploy: [ConstructorFragment],
      fallback: null,
      receive: false
    },
    fragment: EventFragment {
      type: 'event',
      inputs: [Array],
      name: 'NewRequest',
      anonymous: false
    },
    args: Result(2) [
      2n,
      '0xea74714c549d9c28fb9c3703b4d3b8ebc49d719d773b542a49d40792124d19f4'
    ]
  }
]
[2024-06-23T02:13:59.760] [INFO] default - currentRequestId:  0
[2024-06-23T02:13:59.761] [INFO] default - requestId:  0n
[2024-06-23T02:13:59.761] [INFO] default - hashedAccount:  0xad9f6046fa493fe91a16ed1c803c3c6ad70fc52135028eeb521941f77becc865
[2024-06-23T02:13:59.879] [ERROR] default - Error:  Error: execution reverted (unknown custom error) (action="estimateGas", data="0xf432bce90000000000000000000000008f23b5440aa87f25f38a550e7e3926cba052005e", reason=null, transaction={ "data": "0xab49c774000000000000000000000000000000000000000000000000000000000000000000000000000000000000000000000000000000000000000000000000000000020000000000000000000000000000000000000000000000000000000000000000", "from": "0x8f23B5440aa87f25F38a550e7E3926CbA052005E", "to": "0xD706eEDdc7c6be4c0623c0d01396bde7D5838399" }, invocation=null, revert=null, code=CALL_EXCEPTION, version=6.13.0)
    at makeError (/Users/kimurayuki/stablecoin/jpyn/jpyn-oracle-client/node_modules/ethers/src.ts/utils/errors.ts:694:21)
    at getBuiltinCallException (/Users/kimurayuki/stablecoin/jpyn/jpyn-oracle-client/node_modules/ethers/src.ts/abi/abi-coder.ts:118:21)
    at Function.getBuiltinCallException (/Users/kimurayuki/stablecoin/jpyn/jpyn-oracle-client/node_modules/ethers/src.ts/abi/abi-coder.ts:235:16)
    at JsonRpcProvider.getRpcError (/Users/kimurayuki/stablecoin/jpyn/jpyn-oracle-client/node_modules/ethers/src.ts/providers/provider-jsonrpc.ts:989:32)
    at /Users/kimurayuki/stablecoin/jpyn/jpyn-oracle-client/node_modules/ethers/src.ts/providers/provider-jsonrpc.ts:563:45
    at processTicksAndRejections (node:internal/process/task_queues:95:5) {
  code: 'CALL_EXCEPTION',
  action: 'estimateGas',
  data: '0xf432bce90000000000000000000000008f23b5440aa87f25f38a550e7e3926cba052005e',
  reason: null,
  transaction: {
    to: '0xD706eEDdc7c6be4c0623c0d01396bde7D5838399',
    data: '0xab49c774000000000000000000000000000000000000000000000000000000000000000000000000000000000000000000000000000000000000000000000000000000020000000000000000000000000000000000000000000000000000000000000000',
    from: '0x8f23B5440aa87f25F38a550e7E3926CbA052005E'
  },
  invocation: null,
  revert: null,
  shortMessage: 'execution reverted (unknown custom error)',
  info: {
    error: {
      code: 3,
      message: 'execution reverted',
      data: '0xf432bce90000000000000000000000008f23b5440aa87f25f38a550e7e3926cba052005e'
    },
    payload: {
      method: 'eth_estimateGas',
      params: [Array],
      id: 5,
      jsonrpc: '2.0'
    }
  }
}
[2024-06-23T02:14:10.066] [INFO] default - events:  [
  EventLog {
    provider: JsonRpcProvider {},
    transactionHash: '0xcd607794fd1d690d617bac1fef8d1554820a7631e424faa2ef97fb2b02332934',
    blockHash: '0xb2c259762965902c04731affe9ff2be133560d449b245dcd6151a0be0134f1f2',
    blockNumber: 5397730,
    removed: false,
    address: '0xD706eEDdc7c6be4c0623c0d01396bde7D5838399',
    data: '0x000000000000000000000000000000000000000000000000000000000000000000000000000000000000000000000000000000000000000000000000000000400000000000000000000000000000000000000000000000000000000000000042307861643966363034366661343933666539316131366564316338303363336336616437306663353231333530323865656235323139343166373762656363383635000000000000000000000000000000000000000000000000000000000000',
    topics: [
      '0x85808ba6b61b3e11f7dba026341d5ff5603fab7df37b176ebfa0f296264cd12e'
    ],
    index: 0,
    transactionIndex: 0,
    interface: Interface {
      fragments: [Array],
      deploy: [ConstructorFragment],
      fallback: null,
      receive: false
    },
    fragment: EventFragment {
      type: 'event',
      inputs: [Array],
      name: 'NewRequest',
      anonymous: false
    },
    args: Result(2) [
      0n,
      '0xad9f6046fa493fe91a16ed1c803c3c6ad70fc52135028eeb521941f77becc865'
    ]
  },
  EventLog {
    provider: JsonRpcProvider {},
    transactionHash: '0xb645376af08a1562dfd2cdfd3413c916fef8a8213481f4aa779e8fda8cd97f3b',
    blockHash: '0x68823473f3e74ee8780165dbc83fe9c67aca5ebc675c66ed5566b74e93c12aba',
    blockNumber: 5397733,
    removed: false,
    address: '0xD706eEDdc7c6be4c0623c0d01396bde7D5838399',
    data: '0x000000000000000000000000000000000000000000000000000000000000000100000000000000000000000000000000000000000000000000000000000000400000000000000000000000000000000000000000000000000000000000000042307830326639653965346534643534356162646362383834333336313465313666393263356136303933313165343435613061343866306363353434343832366361000000000000000000000000000000000000000000000000000000000000',
    topics: [
      '0x85808ba6b61b3e11f7dba026341d5ff5603fab7df37b176ebfa0f296264cd12e'
    ],
    index: 0,
    transactionIndex: 0,
    interface: Interface {
      fragments: [Array],
      deploy: [ConstructorFragment],
      fallback: null,
      receive: false
    },
    fragment: EventFragment {
      type: 'event',
      inputs: [Array],
      name: 'NewRequest',
      anonymous: false
    },
    args: Result(2) [
      1n,
      '0x02f9e9e4e4d545abdcb88433614e16f92c5a609311e445a0a48f0cc5444826ca'
    ]
  },
  EventLog {
    provider: JsonRpcProvider {},
    transactionHash: '0xce7c1b449c4c98ec228b999bd3b75ad6d7b95bc99aa916e240982bbec1ab6b10',
    blockHash: '0x70999c3d591a48aad4a5f5c98ee576dfd802090c8a81cc88f438ad536ec5dd53',
    blockNumber: 5506722,
    removed: false,
    address: '0xD706eEDdc7c6be4c0623c0d01396bde7D5838399',
    data: '0x000000000000000000000000000000000000000000000000000000000000000200000000000000000000000000000000000000000000000000000000000000400000000000000000000000000000000000000000000000000000000000000042307865613734373134633534396439633238666239633337303362346433623865626334396437313964373733623534326134396434303739323132346431396634000000000000000000000000000000000000000000000000000000000000',
    topics: [
      '0x85808ba6b61b3e11f7dba026341d5ff5603fab7df37b176ebfa0f296264cd12e'
    ],
    index: 0,
    transactionIndex: 1,
    interface: Interface {
      fragments: [Array],
      deploy: [ConstructorFragment],
      fallback: null,
      receive: false
    },
    fragment: EventFragment {
      type: 'event',
      inputs: [Array],
      name: 'NewRequest',
      anonymous: false
    },
    args: Result(2) [
      2n,
      '0xea74714c549d9c28fb9c3703b4d3b8ebc49d719d773b542a49d40792124d19f4'
    ]
  }
]
[2024-06-23T02:14:10.068] [INFO] default - currentRequestId:  0
[2024-06-23T02:14:10.068] [INFO] default - requestId:  0n
[2024-06-23T02:14:10.068] [INFO] default - hashedAccount:  0xad9f6046fa493fe91a16ed1c803c3c6ad70fc52135028eeb521941f77becc865
[2024-06-23T02:14:10.145] [ERROR] default - Error:  Error: execution reverted (unknown custom error) (action="estimateGas", data="0xf432bce90000000000000000000000008f23b5440aa87f25f38a550e7e3926cba052005e", reason=null, transaction={ "data": "0xab49c774000000000000000000000000000000000000000000000000000000000000000000000000000000000000000000000000000000000000000000000000000000020000000000000000000000000000000000000000000000000000000000000000", "from": "0x8f23B5440aa87f25F38a550e7E3926CbA052005E", "to": "0xD706eEDdc7c6be4c0623c0d01396bde7D5838399" }, invocation=null, revert=null, code=CALL_EXCEPTION, version=6.13.0)
    at makeError (/Users/kimurayuki/stablecoin/jpyn/jpyn-oracle-client/node_modules/ethers/src.ts/utils/errors.ts:694:21)
    at getBuiltinCallException (/Users/kimurayuki/stablecoin/jpyn/jpyn-oracle-client/node_modules/ethers/src.ts/abi/abi-coder.ts:118:21)
    at Function.getBuiltinCallException (/Users/kimurayuki/stablecoin/jpyn/jpyn-oracle-client/node_modules/ethers/src.ts/abi/abi-coder.ts:235:16)
    at JsonRpcProvider.getRpcError (/Users/kimurayuki/stablecoin/jpyn/jpyn-oracle-client/node_modules/ethers/src.ts/providers/provider-jsonrpc.ts:989:32)
    at /Users/kimurayuki/stablecoin/jpyn/jpyn-oracle-client/node_modules/ethers/src.ts/providers/provider-jsonrpc.ts:563:45
    at processTicksAndRejections (node:internal/process/task_queues:95:5) {
  code: 'CALL_EXCEPTION',
  action: 'estimateGas',
  data: '0xf432bce90000000000000000000000008f23b5440aa87f25f38a550e7e3926cba052005e',
  reason: null,
  transaction: {
    to: '0xD706eEDdc7c6be4c0623c0d01396bde7D5838399',
    data: '0xab49c774000000000000000000000000000000000000000000000000000000000000000000000000000000000000000000000000000000000000000000000000000000020000000000000000000000000000000000000000000000000000000000000000',
    from: '0x8f23B5440aa87f25F38a550e7E3926CbA052005E'
  },
  invocation: null,
  revert: null,
  shortMessage: 'execution reverted (unknown custom error)',
  info: {
    error: {
      code: 3,
      message: 'execution reverted',
      data: '0xf432bce90000000000000000000000008f23b5440aa87f25f38a550e7e3926cba052005e'
    },
    payload: {
      method: 'eth_estimateGas',
      params: [Array],
      id: 10,
      jsonrpc: '2.0'
    }
  }
}
[2024-06-23T02:14:20.309] [INFO] default - events:  [
  EventLog {
    provider: JsonRpcProvider {},
    transactionHash: '0xcd607794fd1d690d617bac1fef8d1554820a7631e424faa2ef97fb2b02332934',
    blockHash: '0xb2c259762965902c04731affe9ff2be133560d449b245dcd6151a0be0134f1f2',
    blockNumber: 5397730,
    removed: false,
    address: '0xD706eEDdc7c6be4c0623c0d01396bde7D5838399',
    data: '0x000000000000000000000000000000000000000000000000000000000000000000000000000000000000000000000000000000000000000000000000000000400000000000000000000000000000000000000000000000000000000000000042307861643966363034366661343933666539316131366564316338303363336336616437306663353231333530323865656235323139343166373762656363383635000000000000000000000000000000000000000000000000000000000000',
    topics: [
      '0x85808ba6b61b3e11f7dba026341d5ff5603fab7df37b176ebfa0f296264cd12e'
    ],
    index: 0,
    transactionIndex: 0,
    interface: Interface {
      fragments: [Array],
      deploy: [ConstructorFragment],
      fallback: null,
      receive: false
    },
    fragment: EventFragment {
      type: 'event',
      inputs: [Array],
      name: 'NewRequest',
      anonymous: false
    },
    args: Result(2) [
      0n,
      '0xad9f6046fa493fe91a16ed1c803c3c6ad70fc52135028eeb521941f77becc865'
    ]
  },
  EventLog {
    provider: JsonRpcProvider {},
    transactionHash: '0xb645376af08a1562dfd2cdfd3413c916fef8a8213481f4aa779e8fda8cd97f3b',
    blockHash: '0x68823473f3e74ee8780165dbc83fe9c67aca5ebc675c66ed5566b74e93c12aba',
    blockNumber: 5397733,
    removed: false,
    address: '0xD706eEDdc7c6be4c0623c0d01396bde7D5838399',
    data: '0x000000000000000000000000000000000000000000000000000000000000000100000000000000000000000000000000000000000000000000000000000000400000000000000000000000000000000000000000000000000000000000000042307830326639653965346534643534356162646362383834333336313465313666393263356136303933313165343435613061343866306363353434343832366361000000000000000000000000000000000000000000000000000000000000',
    topics: [
      '0x85808ba6b61b3e11f7dba026341d5ff5603fab7df37b176ebfa0f296264cd12e'
    ],
    index: 0,
    transactionIndex: 0,
    interface: Interface {
      fragments: [Array],
      deploy: [ConstructorFragment],
      fallback: null,
      receive: false
    },
    fragment: EventFragment {
      type: 'event',
      inputs: [Array],
      name: 'NewRequest',
      anonymous: false
    },
    args: Result(2) [
      1n,
      '0x02f9e9e4e4d545abdcb88433614e16f92c5a609311e445a0a48f0cc5444826ca'
    ]
  },
  EventLog {
    provider: JsonRpcProvider {},
    transactionHash: '0xce7c1b449c4c98ec228b999bd3b75ad6d7b95bc99aa916e240982bbec1ab6b10',
    blockHash: '0x70999c3d591a48aad4a5f5c98ee576dfd802090c8a81cc88f438ad536ec5dd53',
    blockNumber: 5506722,
    removed: false,
    address: '0xD706eEDdc7c6be4c0623c0d01396bde7D5838399',
    data: '0x000000000000000000000000000000000000000000000000000000000000000200000000000000000000000000000000000000000000000000000000000000400000000000000000000000000000000000000000000000000000000000000042307865613734373134633534396439633238666239633337303362346433623865626334396437313964373733623534326134396434303739323132346431396634000000000000000000000000000000000000000000000000000000000000',
    topics: [
      '0x85808ba6b61b3e11f7dba026341d5ff5603fab7df37b176ebfa0f296264cd12e'
    ],
    index: 0,
    transactionIndex: 1,
    interface: Interface {
      fragments: [Array],
      deploy: [ConstructorFragment],
      fallback: null,
      receive: false
    },
    fragment: EventFragment {
      type: 'event',
      inputs: [Array],
      name: 'NewRequest',
      anonymous: false
    },
    args: Result(2) [
      2n,
      '0xea74714c549d9c28fb9c3703b4d3b8ebc49d719d773b542a49d40792124d19f4'
    ]
  }
]
[2024-06-23T02:14:20.310] [INFO] default - currentRequestId:  0
[2024-06-23T02:14:20.310] [INFO] default - requestId:  0n
[2024-06-23T02:14:20.310] [INFO] default - hashedAccount:  0xad9f6046fa493fe91a16ed1c803c3c6ad70fc52135028eeb521941f77becc865
[2024-06-23T02:14:20.395] [ERROR] default - Error:  Error: execution reverted (unknown custom error) (action="estimateGas", data="0xf432bce90000000000000000000000008f23b5440aa87f25f38a550e7e3926cba052005e", reason=null, transaction={ "data": "0xab49c774000000000000000000000000000000000000000000000000000000000000000000000000000000000000000000000000000000000000000000000000000000020000000000000000000000000000000000000000000000000000000000000000", "from": "0x8f23B5440aa87f25F38a550e7E3926CbA052005E", "to": "0xD706eEDdc7c6be4c0623c0d01396bde7D5838399" }, invocation=null, revert=null, code=CALL_EXCEPTION, version=6.13.0)
    at makeError (/Users/kimurayuki/stablecoin/jpyn/jpyn-oracle-client/node_modules/ethers/src.ts/utils/errors.ts:694:21)
    at getBuiltinCallException (/Users/kimurayuki/stablecoin/jpyn/jpyn-oracle-client/node_modules/ethers/src.ts/abi/abi-coder.ts:118:21)
    at Function.getBuiltinCallException (/Users/kimurayuki/stablecoin/jpyn/jpyn-oracle-client/node_modules/ethers/src.ts/abi/abi-coder.ts:235:16)
    at JsonRpcProvider.getRpcError (/Users/kimurayuki/stablecoin/jpyn/jpyn-oracle-client/node_modules/ethers/src.ts/providers/provider-jsonrpc.ts:989:32)
    at /Users/kimurayuki/stablecoin/jpyn/jpyn-oracle-client/node_modules/ethers/src.ts/providers/provider-jsonrpc.ts:563:45
    at processTicksAndRejections (node:internal/process/task_queues:95:5) {
  code: 'CALL_EXCEPTION',
  action: 'estimateGas',
  data: '0xf432bce90000000000000000000000008f23b5440aa87f25f38a550e7e3926cba052005e',
  reason: null,
  transaction: {
    to: '0xD706eEDdc7c6be4c0623c0d01396bde7D5838399',
    data: '0xab49c774000000000000000000000000000000000000000000000000000000000000000000000000000000000000000000000000000000000000000000000000000000020000000000000000000000000000000000000000000000000000000000000000',
    from: '0x8f23B5440aa87f25F38a550e7E3926CbA052005E'
  },
  invocation: null,
  revert: null,
  shortMessage: 'execution reverted (unknown custom error)',
  info: {
    error: {
      code: 3,
      message: 'execution reverted',
      data: '0xf432bce90000000000000000000000008f23b5440aa87f25f38a550e7e3926cba052005e'
    },
    payload: {
      method: 'eth_estimateGas',
      params: [Array],
      id: 15,
      jsonrpc: '2.0'
    }
  }
}
